[11:40:15] [Render thread/INFO] Config loaded.
[11:40:16] [Render thread/INFO] Registered plugin provider DefaultPlugin [roughlyenoughitems] for REIPlugin
[11:40:16] [Render thread/INFO] Registered plugin provider DefaultRuntimePlugin [roughlyenoughitems] for REIPlugin
[11:40:16] [Render thread/INFO] Registered plugin provider DefaultClientPlugin [roughlyenoughitems] for REIPlugin
[11:40:16] [Render thread/INFO] Registered plugin provider DefaultClientRuntimePlugin [roughlyenoughitems] for REIPlugin
[11:40:16] [Render thread/INFO] Registered plugin provider DefaultPlugin [roughlyenoughitems] for REIServerPlugin
[11:40:16] [Render thread/INFO] Registered plugin provider DefaultRuntimePlugin [roughlyenoughitems] for REIServerPlugin
[11:40:16] [Render thread/INFO] Registered plugin provider FabricFluidAPISupportPlugin for REIServerPlugin
[11:40:16] [Render thread/INFO] Registered plugin provider FabricFluidAPISupportPlugin for REIPlugin
[11:40:17] [Render thread/INFO] Registered plugin provider DefaultClientPlugin [roughlyenoughitems] for REIClientPlugin
[11:40:17] [Render thread/INFO] Registered plugin provider DefaultClientRuntimePlugin [roughlyenoughitems] for REIClientPlugin
[11:41:18] [REI-ReloadPlugins/DEBUG] [START] Reloading Section: "pre-register/"
[11:41:18] [REI-ReloadPlugins/DEBUG] [START] Reloading Section: "pre-register/DefaultClientPlugin [roughlyenoughitems]/"
[11:41:18] [REI-ReloadPlugins/DEBUG] [START] Reloading Section: "pre-register/DefaultClientPlugin [roughlyenoughitems]/" done in 932.5 μs
[11:41:18] [REI-ReloadPlugins/DEBUG] [START] Reloading Section: "pre-register/DefaultPlugin [roughlyenoughitems]/"
[11:41:18] [REI-ReloadPlugins/DEBUG] [START] Reloading Section: "pre-register/DefaultPlugin [roughlyenoughitems]/" done in 21.90 μs
[11:41:18] [REI-ReloadPlugins/DEBUG] [START] Reloading Section: "pre-register/FabricFluidAPISupportPlugin/"
[11:41:18] [REI-ReloadPlugins/DEBUG] [START] Reloading Section: "pre-register/FabricFluidAPISupportPlugin/" done in 84.60 μs
[11:41:18] [REI-ReloadPlugins/DEBUG] [START] Reloading Section: "pre-register/DefaultClientRuntimePlugin [roughlyenoughitems]/"
[11:41:18] [REI-ReloadPlugins/DEBUG] [START] Reloading Section: "pre-register/DefaultClientRuntimePlugin [roughlyenoughitems]/" done in 21.00 μs
[11:41:18] [REI-ReloadPlugins/DEBUG] [START] Reloading Section: "pre-register/DefaultRuntimePlugin [roughlyenoughitems]/"
[11:41:18] [REI-ReloadPlugins/DEBUG] [START] Reloading Section: "pre-register/DefaultRuntimePlugin [roughlyenoughitems]/" done in 17.60 μs
[11:41:18] [REI-ReloadPlugins/DEBUG] [START] Reloading Section: "pre-register/" done in 38.35 ms
[11:41:18] [REI-ReloadPlugins/DEBUG] [START] Reloading Section: "pre-register/"
[11:41:18] [REI-ReloadPlugins/DEBUG] [START] Reloading Section: "pre-register/DefaultClientPlugin [roughlyenoughitems]/"
[11:41:18] [REI-ReloadPlugins/DEBUG] [START] Reloading Section: "pre-register/DefaultClientPlugin [roughlyenoughitems]/" done in 18.50 μs
[11:41:18] [REI-ReloadPlugins/DEBUG] [START] Reloading Section: "pre-register/DefaultClientRuntimePlugin [roughlyenoughitems]/"
[11:41:18] [REI-ReloadPlugins/DEBUG] [START] Reloading Section: "pre-register/DefaultClientRuntimePlugin [roughlyenoughitems]/" done in 10.40 μs
[11:41:18] [REI-ReloadPlugins/DEBUG] [START] Reloading Section: "pre-register/" done in 965.2 μs
[11:41:18] [REI-ReloadPlugins/DEBUG] [START] Reloading Section: "pre-register/"
[11:41:18] [REI-ReloadPlugins/DEBUG] [START] Reloading Section: "pre-register/DefaultPlugin [roughlyenoughitems]/"
[11:41:18] [REI-ReloadPlugins/DEBUG] [START] Reloading Section: "pre-register/DefaultPlugin [roughlyenoughitems]/" done in 17.20 μs
[11:41:18] [REI-ReloadPlugins/DEBUG] [START] Reloading Section: "pre-register/FabricFluidAPISupportPlugin/"
[11:41:18] [REI-ReloadPlugins/DEBUG] [START] Reloading Section: "pre-register/FabricFluidAPISupportPlugin/" done in 9.400 μs
[11:41:18] [REI-ReloadPlugins/DEBUG] [START] Reloading Section: "pre-register/DefaultRuntimePlugin [roughlyenoughitems]/"
[11:41:18] [REI-ReloadPlugins/DEBUG] [START] Reloading Section: "pre-register/DefaultRuntimePlugin [roughlyenoughitems]/" done in 13.30 μs
[11:41:18] [REI-ReloadPlugins/DEBUG] [START] Reloading Section: "pre-register/" done in 943.8 μs
[11:41:18] [REI-ReloadPlugins/DEBUG] [START] Reloading Section: "start-reload/"
[11:41:18] [REI-ReloadPlugins/DEBUG] [START] Reloading Section: "start-reload/EntryTypeRegistryImpl/"
[11:41:18] [REI-ReloadPlugins/DEBUG] [START] Reloading Section: "start-reload/EntryTypeRegistryImpl/" done in 350.2 μs
[11:41:18] [REI-ReloadPlugins/DEBUG] [START] Reloading Section: "start-reload/EntrySettingsAdapterRegistryImpl/"
[11:41:18] [REI-ReloadPlugins/DEBUG] [START] Reloading Section: "start-reload/EntrySettingsAdapterRegistryImpl/" done in 15.90 μs
[11:41:18] [REI-ReloadPlugins/DEBUG] [START] Reloading Section: "start-reload/RecipeManagerContextImpl/"
[11:41:18] [REI-ReloadPlugins/DEBUG] [START] Reloading Section: "start-reload/RecipeManagerContextImpl/" done in 10.80 μs
[11:41:18] [REI-ReloadPlugins/DEBUG] [START] Reloading Section: "start-reload/ItemComparatorRegistryImpl/"
[11:41:18] [REI-ReloadPlugins/DEBUG] [START] Reloading Section: "start-reload/ItemComparatorRegistryImpl/" done in 28.90 μs
[11:41:18] [REI-ReloadPlugins/DEBUG] [START] Reloading Section: "start-reload/FluidComparatorRegistryImpl/"
[11:41:18] [REI-ReloadPlugins/DEBUG] [START] Reloading Section: "start-reload/FluidComparatorRegistryImpl/" done in 12.20 μs
[11:41:18] [REI-ReloadPlugins/DEBUG] [START] Reloading Section: "start-reload/DisplaySerializerRegistryImpl/"
[11:41:18] [REI-ReloadPlugins/DEBUG] [START] Reloading Section: "start-reload/DisplaySerializerRegistryImpl/" done in 16.50 μs
[11:41:18] [REI-ReloadPlugins/DEBUG] [START] Reloading Section: "start-reload/FluidSupportProviderImpl/"
[11:41:18] [REI-ReloadPlugins/DEBUG] [START] Reloading Section: "start-reload/FluidSupportProviderImpl/" done in 37.00 μs
[11:41:18] [REI-ReloadPlugins/DEBUG] [START] Reloading Section: "start-reload/me.shedaniel.rei.plugin.client.runtime.PluginStageExecutionWatcher$1/"
[11:41:18] [REI-ReloadPlugins/DEBUG] [START] Reloading Section: "start-reload/me.shedaniel.rei.plugin.client.runtime.PluginStageExecutionWatcher$1/" done in 340.9 μs
[11:41:18] [REI-ReloadPlugins/DEBUG] [START] Reloading Section: "start-reload/" done in 6.057 ms
[11:41:18] [REI-ReloadPlugins/INFO] Reloading Plugin Manager [REIPlugin] stage [START], registered 5 plugins: DefaultRuntimePlugin [roughlyenoughitems], DefaultClientRuntimePlugin [roughlyenoughitems], FabricFluidAPISupportPlugin, DefaultPlugin [roughlyenoughitems], DefaultClientPlugin [roughlyenoughitems]
[11:41:18] [REI-ReloadPlugins/DEBUG] [START] Reloading Section: "reloadable-plugin/EntryTypeRegistryImpl/"
[11:41:18] [REI-ReloadPlugins/DEBUG] [START] Reloading Section: "reloadable-plugin/EntryTypeRegistryImpl/DefaultClientPlugin [roughlyenoughitems]/"
[11:41:18] [REI-ReloadPlugins/DEBUG] [START] Reloading Section: "reloadable-plugin/EntryTypeRegistryImpl/DefaultClientPlugin [roughlyenoughitems]/" done in 36.00 μs
[11:41:18] [REI-ReloadPlugins/DEBUG] [START] Reloading Section: "reloadable-plugin/EntryTypeRegistryImpl/DefaultPlugin [roughlyenoughitems]/"
[11:41:18] [REI-ReloadPlugins/DEBUG] [START] Reloading Section: "reloadable-plugin/EntryTypeRegistryImpl/DefaultPlugin [roughlyenoughitems]/" done in 9.200 μs
[11:41:18] [REI-ReloadPlugins/DEBUG] [START] Reloading Section: "reloadable-plugin/EntryTypeRegistryImpl/FabricFluidAPISupportPlugin/"
[11:41:18] [REI-ReloadPlugins/DEBUG] [START] Reloading Section: "reloadable-plugin/EntryTypeRegistryImpl/FabricFluidAPISupportPlugin/" done in 8.800 μs
[11:41:18] [REI-ReloadPlugins/DEBUG] [START] Reloading Section: "reloadable-plugin/EntryTypeRegistryImpl/DefaultClientRuntimePlugin [roughlyenoughitems]/"
[11:41:18] [REI-ReloadPlugins/DEBUG] [START] Reloading Section: "reloadable-plugin/EntryTypeRegistryImpl/DefaultClientRuntimePlugin [roughlyenoughitems]/" done in 12.60 μs
[11:41:18] [REI-ReloadPlugins/DEBUG] [START] Reloading Section: "reloadable-plugin/EntryTypeRegistryImpl/DefaultRuntimePlugin [roughlyenoughitems]/"
[11:41:19] [REI-ReloadPlugins/DEBUG] [START] Reloading Section: "reloadable-plugin/EntryTypeRegistryImpl/DefaultRuntimePlugin [roughlyenoughitems]/" done in 402.5 ms
[11:41:19] [REI-ReloadPlugins/DEBUG] [START] Reloading Section: "reloadable-plugin/EntryTypeRegistryImpl/" done in 404.8 ms
[11:41:19] [REI-ReloadPlugins/DEBUG] [START] Reloading Section: "reloadable-plugin/EntrySettingsAdapterRegistryImpl/"
[11:41:19] [REI-ReloadPlugins/DEBUG] [START] Reloading Section: "reloadable-plugin/EntrySettingsAdapterRegistryImpl/DefaultClientPlugin [roughlyenoughitems]/"
[11:41:19] [REI-ReloadPlugins/DEBUG] [START] Reloading Section: "reloadable-plugin/EntrySettingsAdapterRegistryImpl/DefaultClientPlugin [roughlyenoughitems]/" done in 11.60 μs
[11:41:19] [REI-ReloadPlugins/DEBUG] [START] Reloading Section: "reloadable-plugin/EntrySettingsAdapterRegistryImpl/DefaultPlugin [roughlyenoughitems]/"
[11:41:19] [REI-ReloadPlugins/DEBUG] [START] Reloading Section: "reloadable-plugin/EntrySettingsAdapterRegistryImpl/DefaultPlugin [roughlyenoughitems]/" done in 7.100 μs
[11:41:19] [REI-ReloadPlugins/DEBUG] [START] Reloading Section: "reloadable-plugin/EntrySettingsAdapterRegistryImpl/FabricFluidAPISupportPlugin/"
[11:41:19] [REI-ReloadPlugins/DEBUG] [START] Reloading Section: "reloadable-plugin/EntrySettingsAdapterRegistryImpl/FabricFluidAPISupportPlugin/" done in 23.80 μs
[11:41:19] [REI-ReloadPlugins/DEBUG] [START] Reloading Section: "reloadable-plugin/EntrySettingsAdapterRegistryImpl/DefaultClientRuntimePlugin [roughlyenoughitems]/"
[11:41:19] [REI-ReloadPlugins/DEBUG] [START] Reloading Section: "reloadable-plugin/EntrySettingsAdapterRegistryImpl/DefaultClientRuntimePlugin [roughlyenoughitems]/" done in 10.70 μs
[11:41:19] [REI-ReloadPlugins/DEBUG] [START] Reloading Section: "reloadable-plugin/EntrySettingsAdapterRegistryImpl/DefaultRuntimePlugin [roughlyenoughitems]/"
[11:41:19] [REI-ReloadPlugins/DEBUG] [START] Reloading Section: "reloadable-plugin/EntrySettingsAdapterRegistryImpl/DefaultRuntimePlugin [roughlyenoughitems]/" done in 15.90 μs
[11:41:19] [REI-ReloadPlugins/DEBUG] [START] Reloading Section: "reloadable-plugin/EntrySettingsAdapterRegistryImpl/" done in 2.915 ms
[11:41:19] [REI-ReloadPlugins/DEBUG] [START] Reloading Section: "reloadable-plugin/RecipeManagerContextImpl/"
[11:41:19] [REI-ReloadPlugins/DEBUG] [START] Reloading Section: "reloadable-plugin/RecipeManagerContextImpl/DefaultClientPlugin [roughlyenoughitems]/"
[11:41:19] [REI-ReloadPlugins/DEBUG] [START] Reloading Section: "reloadable-plugin/RecipeManagerContextImpl/DefaultClientPlugin [roughlyenoughitems]/" done in 10.80 μs
[11:41:19] [REI-ReloadPlugins/DEBUG] [START] Reloading Section: "reloadable-plugin/RecipeManagerContextImpl/DefaultPlugin [roughlyenoughitems]/"
[11:41:19] [REI-ReloadPlugins/DEBUG] [START] Reloading Section: "reloadable-plugin/RecipeManagerContextImpl/DefaultPlugin [roughlyenoughitems]/" done in 6.500 μs
[11:41:19] [REI-ReloadPlugins/DEBUG] [START] Reloading Section: "reloadable-plugin/RecipeManagerContextImpl/FabricFluidAPISupportPlugin/"
[11:41:19] [REI-ReloadPlugins/DEBUG] [START] Reloading Section: "reloadable-plugin/RecipeManagerContextImpl/FabricFluidAPISupportPlugin/" done in 9.800 μs
[11:41:19] [REI-ReloadPlugins/DEBUG] [START] Reloading Section: "reloadable-plugin/RecipeManagerContextImpl/DefaultClientRuntimePlugin [roughlyenoughitems]/"
[11:41:19] [REI-ReloadPlugins/DEBUG] [START] Reloading Section: "reloadable-plugin/RecipeManagerContextImpl/DefaultClientRuntimePlugin [roughlyenoughitems]/" done in 18.40 μs
[11:41:19] [REI-ReloadPlugins/DEBUG] [START] Reloading Section: "reloadable-plugin/RecipeManagerContextImpl/DefaultRuntimePlugin [roughlyenoughitems]/"
[11:41:19] [REI-ReloadPlugins/DEBUG] [START] Reloading Section: "reloadable-plugin/RecipeManagerContextImpl/DefaultRuntimePlugin [roughlyenoughitems]/" done in 8.300 μs
[11:41:19] [REI-ReloadPlugins/DEBUG] [START] Reloading Section: "reloadable-plugin/RecipeManagerContextImpl/" done in 1.749 ms
[11:41:19] [REI-ReloadPlugins/DEBUG] [START] Reloading Section: "reloadable-plugin/ItemComparatorRegistryImpl/"
[11:41:19] [REI-ReloadPlugins/DEBUG] [START] Reloading Section: "reloadable-plugin/ItemComparatorRegistryImpl/DefaultClientPlugin [roughlyenoughitems]/"
[11:41:19] [REI-ReloadPlugins/DEBUG] [START] Reloading Section: "reloadable-plugin/ItemComparatorRegistryImpl/DefaultClientPlugin [roughlyenoughitems]/" done in 22.60 μs
[11:41:19] [REI-ReloadPlugins/DEBUG] [START] Reloading Section: "reloadable-plugin/ItemComparatorRegistryImpl/DefaultPlugin [roughlyenoughitems]/"
[11:41:19] [REI-ReloadPlugins/DEBUG] [START] Reloading Section: "reloadable-plugin/ItemComparatorRegistryImpl/DefaultPlugin [roughlyenoughitems]/" done in 899.2 μs
[11:41:19] [REI-ReloadPlugins/DEBUG] [START] Reloading Section: "reloadable-plugin/ItemComparatorRegistryImpl/FabricFluidAPISupportPlugin/"
[11:41:19] [REI-ReloadPlugins/DEBUG] [START] Reloading Section: "reloadable-plugin/ItemComparatorRegistryImpl/FabricFluidAPISupportPlugin/" done in 17.30 μs
[11:41:19] [REI-ReloadPlugins/DEBUG] [START] Reloading Section: "reloadable-plugin/ItemComparatorRegistryImpl/DefaultClientRuntimePlugin [roughlyenoughitems]/"
[11:41:19] [REI-ReloadPlugins/DEBUG] [START] Reloading Section: "reloadable-plugin/ItemComparatorRegistryImpl/DefaultClientRuntimePlugin [roughlyenoughitems]/" done in 11.20 μs
[11:41:19] [REI-ReloadPlugins/DEBUG] [START] Reloading Section: "reloadable-plugin/ItemComparatorRegistryImpl/DefaultRuntimePlugin [roughlyenoughitems]/"
[11:41:19] [REI-ReloadPlugins/DEBUG] [START] Reloading Section: "reloadable-plugin/ItemComparatorRegistryImpl/DefaultRuntimePlugin [roughlyenoughitems]/" done in 10.10 μs
[11:41:19] [REI-ReloadPlugins/DEBUG] [START] Reloading Section: "reloadable-plugin/ItemComparatorRegistryImpl/" done in 2.142 ms
[11:41:19] [REI-ReloadPlugins/DEBUG] [START] Reloading Section: "reloadable-plugin/FluidComparatorRegistryImpl/"
[11:41:19] [REI-ReloadPlugins/DEBUG] [START] Reloading Section: "reloadable-plugin/FluidComparatorRegistryImpl/DefaultClientPlugin [roughlyenoughitems]/"
[11:41:19] [REI-ReloadPlugins/DEBUG] [START] Reloading Section: "reloadable-plugin/FluidComparatorRegistryImpl/DefaultClientPlugin [roughlyenoughitems]/" done in 19.40 μs
[11:41:19] [REI-ReloadPlugins/DEBUG] [START] Reloading Section: "reloadable-plugin/FluidComparatorRegistryImpl/DefaultPlugin [roughlyenoughitems]/"
[11:41:19] [REI-ReloadPlugins/DEBUG] [START] Reloading Section: "reloadable-plugin/FluidComparatorRegistryImpl/DefaultPlugin [roughlyenoughitems]/" done in 6.900 μs
[11:41:19] [REI-ReloadPlugins/DEBUG] [START] Reloading Section: "reloadable-plugin/FluidComparatorRegistryImpl/FabricFluidAPISupportPlugin/"
[11:41:19] [REI-ReloadPlugins/DEBUG] [START] Reloading Section: "reloadable-plugin/FluidComparatorRegistryImpl/FabricFluidAPISupportPlugin/" done in 7.700 μs
[11:41:19] [REI-ReloadPlugins/DEBUG] [START] Reloading Section: "reloadable-plugin/FluidComparatorRegistryImpl/DefaultClientRuntimePlugin [roughlyenoughitems]/"
[11:41:19] [REI-ReloadPlugins/DEBUG] [START] Reloading Section: "reloadable-plugin/FluidComparatorRegistryImpl/DefaultClientRuntimePlugin [roughlyenoughitems]/" done in 6.400 μs
[11:41:19] [REI-ReloadPlugins/DEBUG] [START] Reloading Section: "reloadable-plugin/FluidComparatorRegistryImpl/DefaultRuntimePlugin [roughlyenoughitems]/"
[11:41:19] [REI-ReloadPlugins/DEBUG] [START] Reloading Section: "reloadable-plugin/FluidComparatorRegistryImpl/DefaultRuntimePlugin [roughlyenoughitems]/" done in 6.200 μs
[11:41:19] [REI-ReloadPlugins/DEBUG] [START] Reloading Section: "reloadable-plugin/FluidComparatorRegistryImpl/" done in 874.2 μs
[11:41:19] [REI-ReloadPlugins/DEBUG] [START] Reloading Section: "reloadable-plugin/DisplaySerializerRegistryImpl/"
[11:41:19] [REI-ReloadPlugins/DEBUG] [START] Reloading Section: "reloadable-plugin/DisplaySerializerRegistryImpl/DefaultClientPlugin [roughlyenoughitems]/"
[11:41:19] [REI-ReloadPlugins/DEBUG] [START] Reloading Section: "reloadable-plugin/DisplaySerializerRegistryImpl/DefaultClientPlugin [roughlyenoughitems]/" done in 11.50 μs
[11:41:19] [REI-ReloadPlugins/DEBUG] [START] Reloading Section: "reloadable-plugin/DisplaySerializerRegistryImpl/DefaultPlugin [roughlyenoughitems]/"
[11:41:19] [REI-ReloadPlugins/DEBUG] [START] Reloading Section: "reloadable-plugin/DisplaySerializerRegistryImpl/DefaultPlugin [roughlyenoughitems]/" done in 10.40 μs
[11:41:19] [REI-ReloadPlugins/DEBUG] [START] Reloading Section: "reloadable-plugin/DisplaySerializerRegistryImpl/FabricFluidAPISupportPlugin/"
[11:41:19] [REI-ReloadPlugins/DEBUG] [START] Reloading Section: "reloadable-plugin/DisplaySerializerRegistryImpl/FabricFluidAPISupportPlugin/" done in 17.40 μs
[11:41:19] [REI-ReloadPlugins/DEBUG] [START] Reloading Section: "reloadable-plugin/DisplaySerializerRegistryImpl/DefaultClientRuntimePlugin [roughlyenoughitems]/"
[11:41:19] [REI-ReloadPlugins/DEBUG] [START] Reloading Section: "reloadable-plugin/DisplaySerializerRegistryImpl/DefaultClientRuntimePlugin [roughlyenoughitems]/" done in 10.30 μs
[11:41:19] [REI-ReloadPlugins/DEBUG] [START] Reloading Section: "reloadable-plugin/DisplaySerializerRegistryImpl/DefaultRuntimePlugin [roughlyenoughitems]/"
[11:41:19] [REI-ReloadPlugins/DEBUG] [START] Reloading Section: "reloadable-plugin/DisplaySerializerRegistryImpl/DefaultRuntimePlugin [roughlyenoughitems]/" done in 7.100 μs
[11:41:19] [REI-ReloadPlugins/DEBUG] [START] Reloading Section: "reloadable-plugin/DisplaySerializerRegistryImpl/" done in 1.761 ms
[11:41:19] [REI-ReloadPlugins/DEBUG] [START] Reloading Section: "reloadable-plugin/FluidSupportProviderImpl/"
[11:41:19] [REI-ReloadPlugins/DEBUG] [START] Reloading Section: "reloadable-plugin/FluidSupportProviderImpl/DefaultClientPlugin [roughlyenoughitems]/"
[11:41:19] [REI-ReloadPlugins/DEBUG] [START] Reloading Section: "reloadable-plugin/FluidSupportProviderImpl/DefaultClientPlugin [roughlyenoughitems]/" done in 21.80 μs
[11:41:19] [REI-ReloadPlugins/DEBUG] [START] Reloading Section: "reloadable-plugin/FluidSupportProviderImpl/DefaultPlugin [roughlyenoughitems]/"
[11:41:19] [REI-ReloadPlugins/DEBUG] [START] Reloading Section: "reloadable-plugin/FluidSupportProviderImpl/DefaultPlugin [roughlyenoughitems]/" done in 565.2 μs
[11:41:19] [REI-ReloadPlugins/DEBUG] [START] Reloading Section: "reloadable-plugin/FluidSupportProviderImpl/FabricFluidAPISupportPlugin/"
[11:41:19] [REI-ReloadPlugins/DEBUG] [START] Reloading Section: "reloadable-plugin/FluidSupportProviderImpl/FabricFluidAPISupportPlugin/" done in 312.4 μs
[11:41:19] [REI-ReloadPlugins/DEBUG] [START] Reloading Section: "reloadable-plugin/FluidSupportProviderImpl/DefaultClientRuntimePlugin [roughlyenoughitems]/"
[11:41:19] [REI-ReloadPlugins/DEBUG] [START] Reloading Section: "reloadable-plugin/FluidSupportProviderImpl/DefaultClientRuntimePlugin [roughlyenoughitems]/" done in 10.60 μs
[11:41:19] [REI-ReloadPlugins/DEBUG] [START] Reloading Section: "reloadable-plugin/FluidSupportProviderImpl/DefaultRuntimePlugin [roughlyenoughitems]/"
[11:41:19] [REI-ReloadPlugins/DEBUG] [START] Reloading Section: "reloadable-plugin/FluidSupportProviderImpl/DefaultRuntimePlugin [roughlyenoughitems]/" done in 6.500 μs
[11:41:19] [REI-ReloadPlugins/DEBUG] [START] Reloading Section: "reloadable-plugin/FluidSupportProviderImpl/" done in 2.518 ms
[11:41:19] [REI-ReloadPlugins/DEBUG] [START] Reloading Section: "reloadable-plugin/me.shedaniel.rei.plugin.client.runtime.PluginStageExecutionWatcher$1/"
[11:41:19] [REI-ReloadPlugins/DEBUG] [START] Reloading Section: "reloadable-plugin/me.shedaniel.rei.plugin.client.runtime.PluginStageExecutionWatcher$1/DefaultClientPlugin [roughlyenoughitems]/"
[11:41:19] [REI-ReloadPlugins/DEBUG] [START] Reloading Section: "reloadable-plugin/me.shedaniel.rei.plugin.client.runtime.PluginStageExecutionWatcher$1/DefaultClientPlugin [roughlyenoughitems]/" done in 7.600 μs
[11:41:19] [REI-ReloadPlugins/DEBUG] [START] Reloading Section: "reloadable-plugin/me.shedaniel.rei.plugin.client.runtime.PluginStageExecutionWatcher$1/DefaultPlugin [roughlyenoughitems]/"
[11:41:19] [REI-ReloadPlugins/DEBUG] [START] Reloading Section: "reloadable-plugin/me.shedaniel.rei.plugin.client.runtime.PluginStageExecutionWatcher$1/DefaultPlugin [roughlyenoughitems]/" done in 16.90 μs
[11:41:19] [REI-ReloadPlugins/DEBUG] [START] Reloading Section: "reloadable-plugin/me.shedaniel.rei.plugin.client.runtime.PluginStageExecutionWatcher$1/FabricFluidAPISupportPlugin/"
[11:41:19] [REI-ReloadPlugins/DEBUG] [START] Reloading Section: "reloadable-plugin/me.shedaniel.rei.plugin.client.runtime.PluginStageExecutionWatcher$1/FabricFluidAPISupportPlugin/" done in 8.500 μs
[11:41:19] [REI-ReloadPlugins/DEBUG] [START] Reloading Section: "reloadable-plugin/me.shedaniel.rei.plugin.client.runtime.PluginStageExecutionWatcher$1/DefaultClientRuntimePlugin [roughlyenoughitems]/"
[11:41:19] [REI-ReloadPlugins/DEBUG] [START] Reloading Section: "reloadable-plugin/me.shedaniel.rei.plugin.client.runtime.PluginStageExecutionWatcher$1/DefaultClientRuntimePlugin [roughlyenoughitems]/" done in 8.400 μs
[11:41:19] [REI-ReloadPlugins/DEBUG] [START] Reloading Section: "reloadable-plugin/me.shedaniel.rei.plugin.client.runtime.PluginStageExecutionWatcher$1/DefaultRuntimePlugin [roughlyenoughitems]/"
[11:41:19] [REI-ReloadPlugins/DEBUG] [START] Reloading Section: "reloadable-plugin/me.shedaniel.rei.plugin.client.runtime.PluginStageExecutionWatcher$1/DefaultRuntimePlugin [roughlyenoughitems]/" done in 6.500 μs
[11:41:19] [REI-ReloadPlugins/DEBUG] [START] Reloading Section: "reloadable-plugin/me.shedaniel.rei.plugin.client.runtime.PluginStageExecutionWatcher$1/" done in 2.068 ms
[11:41:19] [REI-ReloadPlugins/DEBUG] [START] Reloading Section: "end-reload/"
[11:41:19] [REI-ReloadPlugins/DEBUG] [START] Reloading Section: "end-reload/EntryTypeRegistryImpl/"
[11:41:19] [REI-ReloadPlugins/DEBUG] [START] Reloading Section: "end-reload/EntryTypeRegistryImpl/" done in 19.90 μs
[11:41:19] [REI-ReloadPlugins/DEBUG] [START] Reloading Section: "end-reload/EntrySettingsAdapterRegistryImpl/"
[11:41:19] [REI-ReloadPlugins/DEBUG] [START] Reloading Section: "end-reload/EntrySettingsAdapterRegistryImpl/" done in 6.400 μs
[11:41:19] [REI-ReloadPlugins/DEBUG] [START] Reloading Section: "end-reload/RecipeManagerContextImpl/"
[11:41:19] [REI-ReloadPlugins/DEBUG] [START] Reloading Section: "end-reload/RecipeManagerContextImpl/" done in 5.700 μs
[11:41:19] [REI-ReloadPlugins/DEBUG] [START] Reloading Section: "end-reload/ItemComparatorRegistryImpl/"
[11:41:19] [REI-ReloadPlugins/DEBUG] [START] Reloading Section: "end-reload/ItemComparatorRegistryImpl/" done in 6.700 μs
[11:41:19] [REI-ReloadPlugins/DEBUG] [START] Reloading Section: "end-reload/FluidComparatorRegistryImpl/"
[11:41:19] [REI-ReloadPlugins/DEBUG] [START] Reloading Section: "end-reload/FluidComparatorRegistryImpl/" done in 6.200 μs
[11:41:19] [REI-ReloadPlugins/DEBUG] [START] Reloading Section: "end-reload/DisplaySerializerRegistryImpl/"
[11:41:19] [REI-ReloadPlugins/DEBUG] [START] Reloading Section: "end-reload/DisplaySerializerRegistryImpl/" done in 6.100 μs
[11:41:19] [REI-ReloadPlugins/DEBUG] [START] Reloading Section: "end-reload/FluidSupportProviderImpl/"
[11:41:19] [REI-ReloadPlugins/DEBUG] [START] Reloading Section: "end-reload/FluidSupportProviderImpl/" done in 9.800 μs
[11:41:19] [REI-ReloadPlugins/DEBUG] [START] Reloading Section: "end-reload/me.shedaniel.rei.plugin.client.runtime.PluginStageExecutionWatcher$1/"
[11:41:19] [REI-ReloadPlugins/DEBUG] [START] Reloading Section: "end-reload/me.shedaniel.rei.plugin.client.runtime.PluginStageExecutionWatcher$1/" done in 6.400 μs
[11:41:19] [REI-ReloadPlugins/DEBUG] [START] Reloading Section: "end-reload/" done in 1.525 ms
[11:41:19] [REI-ReloadPlugins/INFO] Reloaded Plugin Manager [REIPlugin] with 2 entry types, 5 item comparators, 0 fluid comparators and 2 fluid support providers in 430ms.
[11:41:19] [REI-ReloadPlugins/DEBUG] [START] Reloading Section: "start-reload/"
[11:41:19] [REI-ReloadPlugins/DEBUG] [START] Reloading Section: "start-reload/EntryRendererRegistryImpl/"
[11:41:19] [REI-ReloadPlugins/DEBUG] [START] Reloading Section: "start-reload/EntryRendererRegistryImpl/" done in 16.50 μs
[11:41:19] [REI-ReloadPlugins/DEBUG] [START] Reloading Section: "start-reload/ViewsImpl/"
[11:41:19] [REI-ReloadPlugins/DEBUG] [START] Reloading Section: "start-reload/ViewsImpl/" done in 6.400 μs
[11:41:19] [REI-ReloadPlugins/DEBUG] [START] Reloading Section: "start-reload/SearchProviderImpl/"
[11:41:19] [REI-ReloadPlugins/DEBUG] [START] Reloading Section: "start-reload/SearchProviderImpl/" done in 14.40 μs
[11:41:19] [REI-ReloadPlugins/DEBUG] [START] Reloading Section: "start-reload/ConfigManagerImpl/"
[11:41:19] [REI-ReloadPlugins/DEBUG] [START] Reloading Section: "start-reload/ConfigManagerImpl/" done in 7.400 μs
[11:41:19] [REI-ReloadPlugins/DEBUG] [START] Reloading Section: "start-reload/EntryRegistryImpl/"
[11:41:19] [REI-ReloadPlugins/DEBUG] [START] Reloading Section: "start-reload/EntryRegistryImpl/" done in 72.80 μs
[11:41:19] [REI-ReloadPlugins/DEBUG] [START] Reloading Section: "start-reload/CategoryRegistryImpl/"
[11:41:19] [REI-ReloadPlugins/DEBUG] [START] Reloading Section: "start-reload/CategoryRegistryImpl/" done in 6.300 μs
[11:41:19] [REI-ReloadPlugins/DEBUG] [START] Reloading Section: "start-reload/DisplayRegistryImpl/"
[11:41:19] [REI-ReloadPlugins/DEBUG] [START] Reloading Section: "start-reload/DisplayRegistryImpl/" done in 6.800 μs
[11:41:19] [REI-ReloadPlugins/DEBUG] [START] Reloading Section: "start-reload/ScreenRegistryImpl/"
[11:41:19] [REI-ReloadPlugins/DEBUG] [START] Reloading Section: "start-reload/ScreenRegistryImpl/" done in 4.413 ms
[11:41:19] [REI-ReloadPlugins/DEBUG] [START] Reloading Section: "start-reload/FavoriteEntryTypeRegistryImpl/"
[11:41:19] [REI-ReloadPlugins/DEBUG] [START] Reloading Section: "start-reload/FavoriteEntryTypeRegistryImpl/" done in 39.70 μs
[11:41:19] [REI-ReloadPlugins/DEBUG] [START] Reloading Section: "start-reload/SubsetsRegistryImpl/"
[11:41:19] [REI-ReloadPlugins/DEBUG] [START] Reloading Section: "start-reload/SubsetsRegistryImpl/" done in 17.10 μs
[11:41:19] [REI-ReloadPlugins/DEBUG] [START] Reloading Section: "start-reload/TransferHandlerRegistryImpl/"
[11:41:19] [REI-ReloadPlugins/DEBUG] [START] Reloading Section: "start-reload/TransferHandlerRegistryImpl/" done in 9.000 μs
[11:41:19] [REI-ReloadPlugins/DEBUG] [START] Reloading Section: "start-reload/REIRuntimeImpl/"
[11:41:19] [REI-ReloadPlugins/DEBUG] [START] Reloading Section: "start-reload/REIRuntimeImpl/" done in 325.2 μs
[11:41:19] [REI-ReloadPlugins/DEBUG] [START] Reloading Section: "start-reload/me.shedaniel.rei.plugin.client.runtime.PluginStageExecutionWatcher$1/"
[11:41:19] [REI-ReloadPlugins/DEBUG] [START] Reloading Section: "start-reload/me.shedaniel.rei.plugin.client.runtime.PluginStageExecutionWatcher$1/" done in 14.60 μs
[11:41:19] [REI-ReloadPlugins/DEBUG] [START] Reloading Section: "start-reload/" done in 8.351 ms
[11:41:19] [REI-ReloadPlugins/INFO] Reloading Plugin Manager [REIClientPlugin] stage [START], registered 2 plugins: DefaultClientRuntimePlugin [roughlyenoughitems], DefaultClientPlugin [roughlyenoughitems]
[11:41:19] [REI-ReloadPlugins/DEBUG] [START] Reloading Section: "reloadable-plugin/EntryRendererRegistryImpl/"
[11:41:19] [REI-ReloadPlugins/DEBUG] [START] Reloading Section: "reloadable-plugin/EntryRendererRegistryImpl/DefaultClientPlugin [roughlyenoughitems]/"
[11:41:19] [REI-ReloadPlugins/DEBUG] [START] Reloading Section: "reloadable-plugin/EntryRendererRegistryImpl/DefaultClientPlugin [roughlyenoughitems]/" done in 13.40 μs
[11:41:19] [REI-ReloadPlugins/DEBUG] [START] Reloading Section: "reloadable-plugin/EntryRendererRegistryImpl/DefaultClientRuntimePlugin [roughlyenoughitems]/"
[11:41:19] [REI-ReloadPlugins/DEBUG] [START] Reloading Section: "reloadable-plugin/EntryRendererRegistryImpl/DefaultClientRuntimePlugin [roughlyenoughitems]/" done in 7.300 μs
[11:41:19] [REI-ReloadPlugins/DEBUG] [START] Reloading Section: "reloadable-plugin/EntryRendererRegistryImpl/" done in 101.2 ms
[11:41:19] [REI-ReloadPlugins/DEBUG] [START] Reloading Section: "reloadable-plugin/ViewsImpl/"
[11:41:19] [REI-ReloadPlugins/DEBUG] [START] Reloading Section: "reloadable-plugin/ViewsImpl/DefaultClientPlugin [roughlyenoughitems]/"
[11:41:19] [REI-ReloadPlugins/DEBUG] [START] Reloading Section: "reloadable-plugin/ViewsImpl/DefaultClientPlugin [roughlyenoughitems]/" done in 16.90 μs
[11:41:19] [REI-ReloadPlugins/DEBUG] [START] Reloading Section: "reloadable-plugin/ViewsImpl/DefaultClientRuntimePlugin [roughlyenoughitems]/"
[11:41:19] [REI-ReloadPlugins/DEBUG] [START] Reloading Section: "reloadable-plugin/ViewsImpl/DefaultClientRuntimePlugin [roughlyenoughitems]/" done in 7.400 μs
[11:41:19] [REI-ReloadPlugins/DEBUG] [START] Reloading Section: "reloadable-plugin/ViewsImpl/" done in 322.6 μs
[11:41:19] [REI-ReloadPlugins/DEBUG] [START] Reloading Section: "reloadable-plugin/SearchProviderImpl/"
[11:41:19] [REI-ReloadPlugins/DEBUG] [START] Reloading Section: "reloadable-plugin/SearchProviderImpl/DefaultClientPlugin [roughlyenoughitems]/"
[11:41:19] [REI-ReloadPlugins/DEBUG] [START] Reloading Section: "reloadable-plugin/SearchProviderImpl/DefaultClientPlugin [roughlyenoughitems]/" done in 11.90 μs
[11:41:19] [REI-ReloadPlugins/DEBUG] [START] Reloading Section: "reloadable-plugin/SearchProviderImpl/DefaultClientRuntimePlugin [roughlyenoughitems]/"
[11:41:19] [REI-ReloadPlugins/DEBUG] [START] Reloading Section: "reloadable-plugin/SearchProviderImpl/DefaultClientRuntimePlugin [roughlyenoughitems]/" done in 8.000 μs
[11:41:19] [REI-ReloadPlugins/DEBUG] [START] Reloading Section: "reloadable-plugin/SearchProviderImpl/" done in 682.7 μs
[11:41:19] [REI-ReloadPlugins/DEBUG] [START] Reloading Section: "reloadable-plugin/ConfigManagerImpl/"
[11:41:19] [REI-ReloadPlugins/DEBUG] [START] Reloading Section: "reloadable-plugin/ConfigManagerImpl/DefaultClientPlugin [roughlyenoughitems]/"
[11:41:19] [REI-ReloadPlugins/DEBUG] [START] Reloading Section: "reloadable-plugin/ConfigManagerImpl/DefaultClientPlugin [roughlyenoughitems]/" done in 7.800 μs
[11:41:19] [REI-ReloadPlugins/DEBUG] [START] Reloading Section: "reloadable-plugin/ConfigManagerImpl/DefaultClientRuntimePlugin [roughlyenoughitems]/"
[11:41:19] [REI-ReloadPlugins/DEBUG] [START] Reloading Section: "reloadable-plugin/ConfigManagerImpl/DefaultClientRuntimePlugin [roughlyenoughitems]/" done in 6.800 μs
[11:41:19] [REI-ReloadPlugins/DEBUG] [START] Reloading Section: "reloadable-plugin/ConfigManagerImpl/" done in 268.4 μs
[11:41:19] [REI-ReloadPlugins/DEBUG] [START] Reloading Section: "reloadable-plugin/EntryRegistryImpl/"
[11:41:19] [REI-ReloadPlugins/DEBUG] [START] Reloading Section: "reloadable-plugin/EntryRegistryImpl/DefaultClientPlugin [roughlyenoughitems]/"
[11:41:19] [REI-ReloadPlugins/DEBUG] [START] Reloading Section: "reloadable-plugin/EntryRegistryImpl/DefaultClientPlugin [roughlyenoughitems]/" done in 138.5 ms
[11:41:19] [REI-ReloadPlugins/DEBUG] [START] Reloading Section: "reloadable-plugin/EntryRegistryImpl/DefaultClientRuntimePlugin [roughlyenoughitems]/"
[11:41:19] [REI-ReloadPlugins/DEBUG] [START] Reloading Section: "reloadable-plugin/EntryRegistryImpl/DefaultClientRuntimePlugin [roughlyenoughitems]/" done in 432.7 μs
[11:41:19] [REI-ReloadPlugins/DEBUG] [START] Reloading Section: "reloadable-plugin/EntryRegistryImpl/" done in 139.6 ms
[11:41:19] [REI-ReloadPlugins/DEBUG] [START] Reloading Section: "reloadable-plugin/CategoryRegistryImpl/"
[11:41:19] [REI-ReloadPlugins/DEBUG] [START] Reloading Section: "reloadable-plugin/CategoryRegistryImpl/DefaultClientPlugin [roughlyenoughitems]/"
[11:41:19] [REI-ReloadPlugins/DEBUG] [START] Reloading Section: "reloadable-plugin/CategoryRegistryImpl/DefaultClientPlugin [roughlyenoughitems]/" done in 15.50 μs
[11:41:19] [REI-ReloadPlugins/DEBUG] [START] Reloading Section: "reloadable-plugin/CategoryRegistryImpl/DefaultClientRuntimePlugin [roughlyenoughitems]/"
[11:41:19] [REI-ReloadPlugins/DEBUG] [START] Reloading Section: "reloadable-plugin/CategoryRegistryImpl/DefaultClientRuntimePlugin [roughlyenoughitems]/" done in 20.70 μs
[11:41:19] [REI-ReloadPlugins/DEBUG] [START] Reloading Section: "reloadable-plugin/CategoryRegistryImpl/" done in 3.928 ms
[11:41:19] [REI-ReloadPlugins/DEBUG] [START] Reloading Section: "reloadable-plugin/DisplayRegistryImpl/"
[11:41:19] [REI-ReloadPlugins/DEBUG] [START] Reloading Section: "reloadable-plugin/DisplayRegistryImpl/DefaultClientPlugin [roughlyenoughitems]/"
[11:41:19] [REI-ReloadPlugins/DEBUG] [START] Reloading Section: "reloadable-plugin/DisplayRegistryImpl/DefaultClientPlugin [roughlyenoughitems]/" done in 13.90 μs
[11:41:19] [REI-ReloadPlugins/DEBUG] [START] Reloading Section: "reloadable-plugin/DisplayRegistryImpl/DefaultClientRuntimePlugin [roughlyenoughitems]/"
[11:41:19] [REI-ReloadPlugins/DEBUG] [START] Reloading Section: "reloadable-plugin/DisplayRegistryImpl/DefaultClientRuntimePlugin [roughlyenoughitems]/" done in 8.500 μs
[11:41:19] [REI-ReloadPlugins/DEBUG] [START] Reloading Section: "reloadable-plugin/DisplayRegistryImpl/" done in 448.3 μs
[11:41:19] [REI-ReloadPlugins/DEBUG] [START] Reloading Section: "reloadable-plugin/ScreenRegistryImpl/"
[11:41:19] [REI-ReloadPlugins/DEBUG] [START] Reloading Section: "reloadable-plugin/ScreenRegistryImpl/DefaultClientPlugin [roughlyenoughitems]/"
[11:41:19] [REI-ReloadPlugins/DEBUG] [START] Reloading Section: "reloadable-plugin/ScreenRegistryImpl/DefaultClientPlugin [roughlyenoughitems]/" done in 21.20 ms
[11:41:19] [REI-ReloadPlugins/DEBUG] [START] Reloading Section: "reloadable-plugin/ScreenRegistryImpl/DefaultClientRuntimePlugin [roughlyenoughitems]/"
[11:41:19] [REI-ReloadPlugins/DEBUG] [START] Reloading Section: "reloadable-plugin/ScreenRegistryImpl/DefaultClientRuntimePlugin [roughlyenoughitems]/" done in 1.211 ms
[11:41:19] [REI-ReloadPlugins/DEBUG] [START] Reloading Section: "reloadable-plugin/ScreenRegistryImpl/" done in 23.45 ms
[11:41:19] [REI-ReloadPlugins/DEBUG] [START] Reloading Section: "reloadable-plugin/FavoriteEntryTypeRegistryImpl/"
[11:41:19] [REI-ReloadPlugins/DEBUG] [START] Reloading Section: "reloadable-plugin/FavoriteEntryTypeRegistryImpl/DefaultClientPlugin [roughlyenoughitems]/"
[11:41:19] [REI-ReloadPlugins/DEBUG] [START] Reloading Section: "reloadable-plugin/FavoriteEntryTypeRegistryImpl/DefaultClientPlugin [roughlyenoughitems]/" done in 44.59 ms
[11:41:19] [REI-ReloadPlugins/DEBUG] [START] Reloading Section: "reloadable-plugin/FavoriteEntryTypeRegistryImpl/DefaultClientRuntimePlugin [roughlyenoughitems]/"
[11:41:19] [REI-ReloadPlugins/DEBUG] [START] Reloading Section: "reloadable-plugin/FavoriteEntryTypeRegistryImpl/DefaultClientRuntimePlugin [roughlyenoughitems]/" done in 608.6 μs
[11:41:19] [REI-ReloadPlugins/DEBUG] [START] Reloading Section: "reloadable-plugin/FavoriteEntryTypeRegistryImpl/" done in 45.76 ms
[11:41:19] [REI-ReloadPlugins/DEBUG] [START] Reloading Section: "reloadable-plugin/SubsetsRegistryImpl/"
[11:41:19] [REI-ReloadPlugins/DEBUG] [START] Reloading Section: "reloadable-plugin/SubsetsRegistryImpl/DefaultClientPlugin [roughlyenoughitems]/"
[11:41:19] [REI-ReloadPlugins/DEBUG] [START] Reloading Section: "reloadable-plugin/SubsetsRegistryImpl/DefaultClientPlugin [roughlyenoughitems]/" done in 30.20 μs
[11:41:19] [REI-ReloadPlugins/DEBUG] [START] Reloading Section: "reloadable-plugin/SubsetsRegistryImpl/DefaultClientRuntimePlugin [roughlyenoughitems]/"
[11:41:19] [REI-ReloadPlugins/DEBUG] [START] Reloading Section: "reloadable-plugin/SubsetsRegistryImpl/DefaultClientRuntimePlugin [roughlyenoughitems]/" done in 17.20 μs
[11:41:19] [REI-ReloadPlugins/DEBUG] [START] Reloading Section: "reloadable-plugin/SubsetsRegistryImpl/" done in 2.171 ms
[11:41:19] [REI-ReloadPlugins/DEBUG] [START] Reloading Section: "reloadable-plugin/TransferHandlerRegistryImpl/"
[11:41:19] [REI-ReloadPlugins/DEBUG] [START] Reloading Section: "reloadable-plugin/TransferHandlerRegistryImpl/DefaultClientPlugin [roughlyenoughitems]/"
[11:41:19] [REI-ReloadPlugins/DEBUG] [START] Reloading Section: "reloadable-plugin/TransferHandlerRegistryImpl/DefaultClientPlugin [roughlyenoughitems]/" done in 13.80 μs
[11:41:19] [REI-ReloadPlugins/DEBUG] [START] Reloading Section: "reloadable-plugin/TransferHandlerRegistryImpl/DefaultClientRuntimePlugin [roughlyenoughitems]/"
[11:41:19] [REI-ReloadPlugins/DEBUG] [START] Reloading Section: "reloadable-plugin/TransferHandlerRegistryImpl/DefaultClientRuntimePlugin [roughlyenoughitems]/" done in 8.700 μs
[11:41:19] [REI-ReloadPlugins/DEBUG] [START] Reloading Section: "reloadable-plugin/TransferHandlerRegistryImpl/" done in 486.7 μs
[11:41:19] [REI-ReloadPlugins/DEBUG] [START] Reloading Section: "reloadable-plugin/REIRuntimeImpl/"
[11:41:19] [REI-ReloadPlugins/DEBUG] [START] Reloading Section: "reloadable-plugin/REIRuntimeImpl/DefaultClientPlugin [roughlyenoughitems]/"
[11:41:19] [REI-ReloadPlugins/DEBUG] [START] Reloading Section: "reloadable-plugin/REIRuntimeImpl/DefaultClientPlugin [roughlyenoughitems]/" done in 16.00 μs
[11:41:19] [REI-ReloadPlugins/DEBUG] [START] Reloading Section: "reloadable-plugin/REIRuntimeImpl/DefaultClientRuntimePlugin [roughlyenoughitems]/"
[11:41:19] [REI-ReloadPlugins/DEBUG] [START] Reloading Section: "reloadable-plugin/REIRuntimeImpl/DefaultClientRuntimePlugin [roughlyenoughitems]/" done in 355.3 μs
[11:41:19] [REI-ReloadPlugins/DEBUG] [START] Reloading Section: "reloadable-plugin/REIRuntimeImpl/" done in 2.117 ms
[11:41:19] [REI-ReloadPlugins/DEBUG] [START] Reloading Section: "reloadable-plugin/me.shedaniel.rei.plugin.client.runtime.PluginStageExecutionWatcher$1/"
[11:41:19] [REI-ReloadPlugins/DEBUG] [START] Reloading Section: "reloadable-plugin/me.shedaniel.rei.plugin.client.runtime.PluginStageExecutionWatcher$1/DefaultClientPlugin [roughlyenoughitems]/"
[11:41:19] [REI-ReloadPlugins/DEBUG] [START] Reloading Section: "reloadable-plugin/me.shedaniel.rei.plugin.client.runtime.PluginStageExecutionWatcher$1/DefaultClientPlugin [roughlyenoughitems]/" done in 15.60 μs
[11:41:19] [REI-ReloadPlugins/DEBUG] [START] Reloading Section: "reloadable-plugin/me.shedaniel.rei.plugin.client.runtime.PluginStageExecutionWatcher$1/DefaultClientRuntimePlugin [roughlyenoughitems]/"
[11:41:19] [REI-ReloadPlugins/DEBUG] [START] Reloading Section: "reloadable-plugin/me.shedaniel.rei.plugin.client.runtime.PluginStageExecutionWatcher$1/DefaultClientRuntimePlugin [roughlyenoughitems]/" done in 9.100 μs
[11:41:19] [REI-ReloadPlugins/DEBUG] [START] Reloading Section: "reloadable-plugin/me.shedaniel.rei.plugin.client.runtime.PluginStageExecutionWatcher$1/" done in 647.3 μs
[11:41:19] [REI-ReloadPlugins/DEBUG] [START] Reloading Section: "end-reload/"
[11:41:19] [REI-ReloadPlugins/DEBUG] [START] Reloading Section: "end-reload/EntryRendererRegistryImpl/"
[11:41:19] [REI-ReloadPlugins/DEBUG] [START] Reloading Section: "end-reload/EntryRendererRegistryImpl/" done in 7.800 μs
[11:41:19] [REI-ReloadPlugins/DEBUG] [START] Reloading Section: "end-reload/ViewsImpl/"
[11:41:19] [REI-ReloadPlugins/DEBUG] [START] Reloading Section: "end-reload/ViewsImpl/" done in 5.900 μs
[11:41:19] [REI-ReloadPlugins/DEBUG] [START] Reloading Section: "end-reload/SearchProviderImpl/"
[11:41:19] [REI-ReloadPlugins/DEBUG] [START] Reloading Section: "end-reload/SearchProviderImpl/" done in 5.900 μs
[11:41:19] [REI-ReloadPlugins/DEBUG] [START] Reloading Section: "end-reload/ConfigManagerImpl/"
[11:41:19] [REI-ReloadPlugins/DEBUG] [START] Reloading Section: "end-reload/ConfigManagerImpl/" done in 6.000 μs
[11:41:19] [REI-ReloadPlugins/DEBUG] [START] Reloading Section: "end-reload/EntryRegistryImpl/"
[11:41:19] [Render thread/WARN] Suppressing Reload Plugins of stage START
[11:41:20] [REI-ReloadPlugins/DEBUG] Refiltered rule [roughlyenoughitems:manual] in 568.9 ms.
[11:41:20] [REI-ReloadPlugins/DEBUG] Refiltered 0 entries with 1 rules in 576.9 ms.
[11:41:20] [REI-ReloadPlugins/DEBUG] Computed existing filtered displays with 1 rules in 1.212 ms
[11:41:20] [REI-ReloadPlugins/DEBUG] [START] Reloading Section: "end-reload/EntryRegistryImpl/" done in 582.8 ms
[11:41:20] [REI-ReloadPlugins/DEBUG] [START] Reloading Section: "end-reload/CategoryRegistryImpl/"
[11:41:20] [REI-ReloadPlugins/DEBUG] [START] Reloading Section: "end-reload/CategoryRegistryImpl/" done in 13.10 μs
[11:41:20] [REI-ReloadPlugins/DEBUG] [START] Reloading Section: "end-reload/DisplayRegistryImpl/"
[11:41:20] [REI-ReloadPlugins/DEBUG] [START] Reloading Section: "end-reload/DisplayRegistryImpl/" done in 6.600 μs
[11:41:20] [REI-ReloadPlugins/DEBUG] [START] Reloading Section: "end-reload/ScreenRegistryImpl/"
[11:41:20] [REI-ReloadPlugins/DEBUG] [START] Reloading Section: "end-reload/ScreenRegistryImpl/" done in 6.700 μs
[11:41:20] [REI-ReloadPlugins/DEBUG] [START] Reloading Section: "end-reload/FavoriteEntryTypeRegistryImpl/"
[11:41:20] [REI-ReloadPlugins/DEBUG] [START] Reloading Section: "end-reload/FavoriteEntryTypeRegistryImpl/" done in 92.55 ms
[11:41:20] [REI-ReloadPlugins/DEBUG] [START] Reloading Section: "end-reload/SubsetsRegistryImpl/"
[11:41:20] [REI-ReloadPlugins/DEBUG] [START] Reloading Section: "end-reload/SubsetsRegistryImpl/" done in 11.40 μs
[11:41:20] [REI-ReloadPlugins/DEBUG] [START] Reloading Section: "end-reload/TransferHandlerRegistryImpl/"
[11:41:20] [REI-ReloadPlugins/DEBUG] [START] Reloading Section: "end-reload/TransferHandlerRegistryImpl/" done in 6.400 μs
[11:41:20] [REI-ReloadPlugins/DEBUG] [START] Reloading Section: "end-reload/REIRuntimeImpl/"
[11:41:20] [REI-ReloadPlugins/DEBUG] [START] Reloading Section: "end-reload/REIRuntimeImpl/" done in 616.4 μs
[11:41:20] [REI-ReloadPlugins/DEBUG] [START] Reloading Section: "end-reload/me.shedaniel.rei.plugin.client.runtime.PluginStageExecutionWatcher$1/"
[11:41:20] [REI-ReloadPlugins/DEBUG] [START] Reloading Section: "end-reload/me.shedaniel.rei.plugin.client.runtime.PluginStageExecutionWatcher$1/" done in 7.400 μs
[11:41:20] [REI-ReloadPlugins/DEBUG] [START] Reloading Section: "end-reload/" done in 677.8 ms
[11:41:20] [REI-ReloadPlugins/INFO] Reloaded Plugin Manager [REIClientPlugin] with 1624 entries, 0 displays, 0 display visibility predicates, 0 categories (), 4 exclusion zones and 4 overlay deciders in 1014ms.
[11:41:20] [REI-ReloadPlugins/DEBUG] [START] Reloading Section: "start-reload/"
[11:41:20] [REI-ReloadPlugins/DEBUG] [START] Reloading Section: "start-reload/MenuInfoRegistryImpl/"
[11:41:20] [REI-ReloadPlugins/DEBUG] [START] Reloading Section: "start-reload/MenuInfoRegistryImpl/" done in 12.00 μs
[11:41:20] [REI-ReloadPlugins/DEBUG] [START] Reloading Section: "start-reload/me.shedaniel.rei.plugin.client.runtime.PluginStageExecutionWatcher$1/"
[11:41:20] [REI-ReloadPlugins/DEBUG] [START] Reloading Section: "start-reload/me.shedaniel.rei.plugin.client.runtime.PluginStageExecutionWatcher$1/" done in 21.80 μs
[11:41:20] [REI-ReloadPlugins/DEBUG] [START] Reloading Section: "start-reload/" done in 305.2 μs
[11:41:20] [REI-ReloadPlugins/INFO] Reloading Plugin Manager [REIServerPlugin] stage [START], registered 3 plugins: DefaultRuntimePlugin [roughlyenoughitems], FabricFluidAPISupportPlugin, DefaultPlugin [roughlyenoughitems]
[11:41:20] [REI-ReloadPlugins/DEBUG] [START] Reloading Section: "reloadable-plugin/MenuInfoRegistryImpl/"
[11:41:20] [REI-ReloadPlugins/DEBUG] [START] Reloading Section: "reloadable-plugin/MenuInfoRegistryImpl/DefaultPlugin [roughlyenoughitems]/"
[11:41:20] [REI-ReloadPlugins/DEBUG] [START] Reloading Section: "reloadable-plugin/MenuInfoRegistryImpl/DefaultPlugin [roughlyenoughitems]/" done in 7.700 μs
[11:41:20] [REI-ReloadPlugins/DEBUG] [START] Reloading Section: "reloadable-plugin/MenuInfoRegistryImpl/FabricFluidAPISupportPlugin/"
[11:41:20] [REI-ReloadPlugins/DEBUG] [START] Reloading Section: "reloadable-plugin/MenuInfoRegistryImpl/FabricFluidAPISupportPlugin/" done in 8.500 μs
[11:41:20] [REI-ReloadPlugins/DEBUG] [START] Reloading Section: "reloadable-plugin/MenuInfoRegistryImpl/DefaultRuntimePlugin [roughlyenoughitems]/"
[11:41:20] [REI-ReloadPlugins/DEBUG] [START] Reloading Section: "reloadable-plugin/MenuInfoRegistryImpl/DefaultRuntimePlugin [roughlyenoughitems]/" done in 6.000 μs
[11:41:20] [REI-ReloadPlugins/DEBUG] [START] Reloading Section: "reloadable-plugin/MenuInfoRegistryImpl/" done in 347.7 μs
[11:41:20] [REI-ReloadPlugins/DEBUG] [START] Reloading Section: "reloadable-plugin/me.shedaniel.rei.plugin.client.runtime.PluginStageExecutionWatcher$1/"
[11:41:20] [REI-ReloadPlugins/DEBUG] [START] Reloading Section: "reloadable-plugin/me.shedaniel.rei.plugin.client.runtime.PluginStageExecutionWatcher$1/DefaultPlugin [roughlyenoughitems]/"
[11:41:20] [REI-ReloadPlugins/DEBUG] [START] Reloading Section: "reloadable-plugin/me.shedaniel.rei.plugin.client.runtime.PluginStageExecutionWatcher$1/DefaultPlugin [roughlyenoughitems]/" done in 5.700 μs
[11:41:20] [REI-ReloadPlugins/DEBUG] [START] Reloading Section: "reloadable-plugin/me.shedaniel.rei.plugin.client.runtime.PluginStageExecutionWatcher$1/FabricFluidAPISupportPlugin/"
[11:41:20] [REI-ReloadPlugins/DEBUG] [START] Reloading Section: "reloadable-plugin/me.shedaniel.rei.plugin.client.runtime.PluginStageExecutionWatcher$1/FabricFluidAPISupportPlugin/" done in 5.900 μs
[11:41:20] [REI-ReloadPlugins/DEBUG] [START] Reloading Section: "reloadable-plugin/me.shedaniel.rei.plugin.client.runtime.PluginStageExecutionWatcher$1/DefaultRuntimePlugin [roughlyenoughitems]/"
[11:41:20] [REI-ReloadPlugins/DEBUG] [START] Reloading Section: "reloadable-plugin/me.shedaniel.rei.plugin.client.runtime.PluginStageExecutionWatcher$1/DefaultRuntimePlugin [roughlyenoughitems]/" done in 5.800 μs
[11:41:20] [REI-ReloadPlugins/DEBUG] [START] Reloading Section: "reloadable-plugin/me.shedaniel.rei.plugin.client.runtime.PluginStageExecutionWatcher$1/" done in 338.5 μs
[11:41:20] [REI-ReloadPlugins/DEBUG] [START] Reloading Section: "end-reload/"
[11:41:20] [REI-ReloadPlugins/DEBUG] [START] Reloading Section: "end-reload/MenuInfoRegistryImpl/"
[11:41:20] [REI-ReloadPlugins/DEBUG] [START] Reloading Section: "end-reload/MenuInfoRegistryImpl/" done in 5.400 μs
[11:41:20] [REI-ReloadPlugins/DEBUG] [START] Reloading Section: "end-reload/me.shedaniel.rei.plugin.client.runtime.PluginStageExecutionWatcher$1/"
[11:41:20] [REI-ReloadPlugins/DEBUG] [START] Reloading Section: "end-reload/me.shedaniel.rei.plugin.client.runtime.PluginStageExecutionWatcher$1/" done in 8.300 μs
[11:41:20] [REI-ReloadPlugins/DEBUG] [START] Reloading Section: "end-reload/" done in 241.3 μs
[11:41:20] [REI-ReloadPlugins/INFO] Reloaded Plugin Manager [REIServerPlugin] with 0 menu infos in 1ms.
[11:41:20] [REI-ReloadPlugins/DEBUG] [START] Reloading Section: "post-register/"
[11:41:20] [REI-ReloadPlugins/DEBUG] [START] Reloading Section: "post-register/DefaultClientPlugin [roughlyenoughitems]/"
[11:41:20] [REI-ReloadPlugins/DEBUG] [START] Reloading Section: "post-register/DefaultClientPlugin [roughlyenoughitems]/" done in 32.40 μs
[11:41:20] [REI-ReloadPlugins/DEBUG] [START] Reloading Section: "post-register/DefaultPlugin [roughlyenoughitems]/"
[11:41:20] [REI-ReloadPlugins/DEBUG] [START] Reloading Section: "post-register/DefaultPlugin [roughlyenoughitems]/" done in 7.000 μs
[11:41:20] [REI-ReloadPlugins/DEBUG] [START] Reloading Section: "post-register/FabricFluidAPISupportPlugin/"
[11:41:20] [REI-ReloadPlugins/DEBUG] [START] Reloading Section: "post-register/FabricFluidAPISupportPlugin/" done in 11.10 μs
[11:41:20] [REI-ReloadPlugins/DEBUG] [START] Reloading Section: "post-register/DefaultClientRuntimePlugin [roughlyenoughitems]/"
[11:41:20] [REI-ReloadPlugins/DEBUG] [START] Reloading Section: "post-register/DefaultClientRuntimePlugin [roughlyenoughitems]/" done in 6.700 μs
[11:41:20] [REI-ReloadPlugins/DEBUG] [START] Reloading Section: "post-register/DefaultRuntimePlugin [roughlyenoughitems]/"
[11:41:20] [REI-ReloadPlugins/DEBUG] [START] Reloading Section: "post-register/DefaultRuntimePlugin [roughlyenoughitems]/" done in 5.800 μs
[11:41:20] [REI-ReloadPlugins/DEBUG] [START] Reloading Section: "post-register/" done in 1.638 ms
[11:41:21] [REI-ReloadPlugins/DEBUG] [START] Reloading Section: "post-register/"
[11:41:21] [REI-ReloadPlugins/DEBUG] [START] Reloading Section: "post-register/DefaultClientPlugin [roughlyenoughitems]/"
[11:41:21] [REI-ReloadPlugins/DEBUG] [START] Reloading Section: "post-register/DefaultClientPlugin [roughlyenoughitems]/" done in 14.50 μs
[11:41:21] [REI-ReloadPlugins/DEBUG] [START] Reloading Section: "post-register/DefaultClientRuntimePlugin [roughlyenoughitems]/"
[11:41:21] [REI-ReloadPlugins/DEBUG] [START] Reloading Section: "post-register/DefaultClientRuntimePlugin [roughlyenoughitems]/" done in 6.200 μs
[11:41:21] [REI-ReloadPlugins/DEBUG] [START] Reloading Section: "post-register/" done in 307.5 μs
[11:41:21] [REI-ReloadPlugins/DEBUG] [START] Reloading Section: "post-register/"
[11:41:21] [REI-ReloadPlugins/DEBUG] [START] Reloading Section: "post-register/DefaultPlugin [roughlyenoughitems]/"
[11:41:21] [REI-ReloadPlugins/DEBUG] [START] Reloading Section: "post-register/DefaultPlugin [roughlyenoughitems]/" done in 7.900 μs
[11:41:21] [REI-ReloadPlugins/DEBUG] [START] Reloading Section: "post-register/FabricFluidAPISupportPlugin/"
[11:41:21] [REI-ReloadPlugins/DEBUG] [START] Reloading Section: "post-register/FabricFluidAPISupportPlugin/" done in 24.50 μs
[11:41:21] [REI-ReloadPlugins/DEBUG] [START] Reloading Section: "post-register/DefaultRuntimePlugin [roughlyenoughitems]/"
[11:41:21] [REI-ReloadPlugins/DEBUG] [START] Reloading Section: "post-register/DefaultRuntimePlugin [roughlyenoughitems]/" done in 7.500 μs
[11:41:21] [REI-ReloadPlugins/DEBUG] [START] Reloading Section: "post-register/" done in 3.730 ms
[11:41:21] [REI-ReloadPlugins/DEBUG] [END] Reloading Section: "pre-register/"
[11:41:21] [REI-ReloadPlugins/DEBUG] [END] Reloading Section: "pre-register/DefaultClientPlugin [roughlyenoughitems]/"
[11:41:21] [REI-ReloadPlugins/DEBUG] [END] Reloading Section: "pre-register/DefaultClientPlugin [roughlyenoughitems]/" done in 6.600 μs
[11:41:21] [REI-ReloadPlugins/DEBUG] [END] Reloading Section: "pre-register/DefaultPlugin [roughlyenoughitems]/"
[11:41:21] [REI-ReloadPlugins/DEBUG] [END] Reloading Section: "pre-register/DefaultPlugin [roughlyenoughitems]/" done in 6.200 μs
[11:41:21] [REI-ReloadPlugins/DEBUG] [END] Reloading Section: "pre-register/FabricFluidAPISupportPlugin/"
[11:41:21] [REI-ReloadPlugins/DEBUG] [END] Reloading Section: "pre-register/FabricFluidAPISupportPlugin/" done in 6.800 μs
[11:41:21] [REI-ReloadPlugins/DEBUG] [END] Reloading Section: "pre-register/DefaultClientRuntimePlugin [roughlyenoughitems]/"
[11:41:21] [REI-ReloadPlugins/DEBUG] [END] Reloading Section: "pre-register/DefaultClientRuntimePlugin [roughlyenoughitems]/" done in 5.600 μs
[11:41:21] [REI-ReloadPlugins/DEBUG] [END] Reloading Section: "pre-register/DefaultRuntimePlugin [roughlyenoughitems]/"
[11:41:21] [REI-ReloadPlugins/DEBUG] [END] Reloading Section: "pre-register/DefaultRuntimePlugin [roughlyenoughitems]/" done in 5.900 μs
[11:41:21] [REI-ReloadPlugins/DEBUG] [END] Reloading Section: "pre-register/" done in 580.3 μs
[11:41:21] [REI-ReloadPlugins/DEBUG] [END] Reloading Section: "pre-register/"
[11:41:21] [REI-ReloadPlugins/DEBUG] [END] Reloading Section: "pre-register/DefaultClientPlugin [roughlyenoughitems]/"
[11:41:21] [REI-ReloadPlugins/DEBUG] [END] Reloading Section: "pre-register/DefaultClientPlugin [roughlyenoughitems]/" done in 6.000 μs
[11:41:21] [REI-ReloadPlugins/DEBUG] [END] Reloading Section: "pre-register/DefaultClientRuntimePlugin [roughlyenoughitems]/"
[11:41:21] [REI-ReloadPlugins/DEBUG] [END] Reloading Section: "pre-register/DefaultClientRuntimePlugin [roughlyenoughitems]/" done in 15.90 μs
[11:41:21] [REI-ReloadPlugins/DEBUG] [END] Reloading Section: "pre-register/" done in 2.475 ms
[11:41:21] [REI-ReloadPlugins/DEBUG] [END] Reloading Section: "pre-register/"
[11:41:21] [REI-ReloadPlugins/DEBUG] [END] Reloading Section: "pre-register/DefaultPlugin [roughlyenoughitems]/"
[11:41:21] [REI-ReloadPlugins/DEBUG] [END] Reloading Section: "pre-register/DefaultPlugin [roughlyenoughitems]/" done in 16.40 μs
[11:41:21] [REI-ReloadPlugins/DEBUG] [END] Reloading Section: "pre-register/FabricFluidAPISupportPlugin/"
[11:41:21] [REI-ReloadPlugins/DEBUG] [END] Reloading Section: "pre-register/FabricFluidAPISupportPlugin/" done in 6.800 μs
[11:41:21] [REI-ReloadPlugins/DEBUG] [END] Reloading Section: "pre-register/DefaultRuntimePlugin [roughlyenoughitems]/"
[11:41:21] [REI-ReloadPlugins/DEBUG] [END] Reloading Section: "pre-register/DefaultRuntimePlugin [roughlyenoughitems]/" done in 17.10 μs
[11:41:21] [REI-ReloadPlugins/DEBUG] [END] Reloading Section: "pre-register/" done in 9.106 ms
[11:41:21] [REI-ReloadPlugins/DEBUG] [END] Reloading Section: "start-reload/"
[11:41:21] [REI-ReloadPlugins/DEBUG] [END] Reloading Section: "start-reload/EntryTypeRegistryImpl/"
[11:41:21] [REI-ReloadPlugins/DEBUG] [END] Reloading Section: "start-reload/EntryTypeRegistryImpl/" done in 7.700 μs
[11:41:21] [REI-ReloadPlugins/DEBUG] [END] Reloading Section: "start-reload/EntrySettingsAdapterRegistryImpl/"
[11:41:21] [REI-ReloadPlugins/DEBUG] [END] Reloading Section: "start-reload/EntrySettingsAdapterRegistryImpl/" done in 41.10 μs
[11:41:21] [REI-ReloadPlugins/DEBUG] [END] Reloading Section: "start-reload/RecipeManagerContextImpl/"
[11:41:21] [REI-ReloadPlugins/DEBUG] [END] Reloading Section: "start-reload/RecipeManagerContextImpl/" done in 29.20 μs
[11:41:21] [REI-ReloadPlugins/DEBUG] [END] Reloading Section: "start-reload/ItemComparatorRegistryImpl/"
[11:41:21] [REI-ReloadPlugins/DEBUG] [END] Reloading Section: "start-reload/ItemComparatorRegistryImpl/" done in 6.900 μs
[11:41:21] [REI-ReloadPlugins/DEBUG] [END] Reloading Section: "start-reload/FluidComparatorRegistryImpl/"
[11:41:21] [REI-ReloadPlugins/DEBUG] [END] Reloading Section: "start-reload/FluidComparatorRegistryImpl/" done in 6.100 μs
[11:41:21] [REI-ReloadPlugins/DEBUG] [END] Reloading Section: "start-reload/DisplaySerializerRegistryImpl/"
[11:41:21] [REI-ReloadPlugins/DEBUG] [END] Reloading Section: "start-reload/DisplaySerializerRegistryImpl/" done in 29.60 μs
[11:41:21] [REI-ReloadPlugins/DEBUG] [END] Reloading Section: "start-reload/FluidSupportProviderImpl/"
[11:41:21] [REI-ReloadPlugins/DEBUG] [END] Reloading Section: "start-reload/FluidSupportProviderImpl/" done in 18.70 μs
[11:41:21] [REI-ReloadPlugins/DEBUG] [END] Reloading Section: "start-reload/me.shedaniel.rei.plugin.client.runtime.PluginStageExecutionWatcher$1/"
[11:41:21] [REI-ReloadPlugins/DEBUG] [END] Reloading Section: "start-reload/me.shedaniel.rei.plugin.client.runtime.PluginStageExecutionWatcher$1/" done in 12.70 μs
[11:41:21] [REI-ReloadPlugins/DEBUG] [END] Reloading Section: "start-reload/" done in 11.42 ms
[11:41:21] [REI-ReloadPlugins/INFO] Reloading Plugin Manager [REIPlugin] stage [END], registered 5 plugins: DefaultRuntimePlugin [roughlyenoughitems], DefaultClientRuntimePlugin [roughlyenoughitems], FabricFluidAPISupportPlugin, DefaultPlugin [roughlyenoughitems], DefaultClientPlugin [roughlyenoughitems]
[11:41:21] [REI-ReloadPlugins/DEBUG] [END] Reloading Section: "reloadable-plugin/EntryTypeRegistryImpl/"
[11:41:21] [REI-ReloadPlugins/DEBUG] [END] Reloading Section: "reloadable-plugin/EntryTypeRegistryImpl/DefaultClientPlugin [roughlyenoughitems]/"
[11:41:21] [REI-ReloadPlugins/DEBUG] [END] Reloading Section: "reloadable-plugin/EntryTypeRegistryImpl/DefaultClientPlugin [roughlyenoughitems]/" done in 11.80 μs
[11:41:21] [REI-ReloadPlugins/DEBUG] [END] Reloading Section: "reloadable-plugin/EntryTypeRegistryImpl/DefaultPlugin [roughlyenoughitems]/"
[11:41:21] [REI-ReloadPlugins/DEBUG] [END] Reloading Section: "reloadable-plugin/EntryTypeRegistryImpl/DefaultPlugin [roughlyenoughitems]/" done in 6.400 μs
[11:41:21] [REI-ReloadPlugins/DEBUG] [END] Reloading Section: "reloadable-plugin/EntryTypeRegistryImpl/FabricFluidAPISupportPlugin/"
[11:41:21] [REI-ReloadPlugins/DEBUG] [END] Reloading Section: "reloadable-plugin/EntryTypeRegistryImpl/FabricFluidAPISupportPlugin/" done in 7.800 μs
[11:41:21] [REI-ReloadPlugins/DEBUG] [END] Reloading Section: "reloadable-plugin/EntryTypeRegistryImpl/DefaultClientRuntimePlugin [roughlyenoughitems]/"
[11:41:21] [REI-ReloadPlugins/DEBUG] [END] Reloading Section: "reloadable-plugin/EntryTypeRegistryImpl/DefaultClientRuntimePlugin [roughlyenoughitems]/" done in 6.000 μs
[11:41:21] [REI-ReloadPlugins/DEBUG] [END] Reloading Section: "reloadable-plugin/EntryTypeRegistryImpl/DefaultRuntimePlugin [roughlyenoughitems]/"
[11:41:21] [REI-ReloadPlugins/DEBUG] [END] Reloading Section: "reloadable-plugin/EntryTypeRegistryImpl/DefaultRuntimePlugin [roughlyenoughitems]/" done in 6.000 μs
[11:41:21] [REI-ReloadPlugins/DEBUG] [END] Reloading Section: "reloadable-plugin/EntryTypeRegistryImpl/" done in 577.1 μs
[11:41:21] [REI-ReloadPlugins/DEBUG] [END] Reloading Section: "reloadable-plugin/EntrySettingsAdapterRegistryImpl/"
[11:41:21] [REI-ReloadPlugins/DEBUG] [END] Reloading Section: "reloadable-plugin/EntrySettingsAdapterRegistryImpl/DefaultClientPlugin [roughlyenoughitems]/"
[11:41:21] [REI-ReloadPlugins/DEBUG] [END] Reloading Section: "reloadable-plugin/EntrySettingsAdapterRegistryImpl/DefaultClientPlugin [roughlyenoughitems]/" done in 20.30 μs
[11:41:21] [REI-ReloadPlugins/DEBUG] [END] Reloading Section: "reloadable-plugin/EntrySettingsAdapterRegistryImpl/DefaultPlugin [roughlyenoughitems]/"
[11:41:21] [REI-ReloadPlugins/DEBUG] [END] Reloading Section: "reloadable-plugin/EntrySettingsAdapterRegistryImpl/DefaultPlugin [roughlyenoughitems]/" done in 6.200 μs
[11:41:21] [REI-ReloadPlugins/DEBUG] [END] Reloading Section: "reloadable-plugin/EntrySettingsAdapterRegistryImpl/FabricFluidAPISupportPlugin/"
[11:41:21] [REI-ReloadPlugins/DEBUG] [END] Reloading Section: "reloadable-plugin/EntrySettingsAdapterRegistryImpl/FabricFluidAPISupportPlugin/" done in 7.500 μs
[11:41:21] [REI-ReloadPlugins/DEBUG] [END] Reloading Section: "reloadable-plugin/EntrySettingsAdapterRegistryImpl/DefaultClientRuntimePlugin [roughlyenoughitems]/"
[11:41:21] [REI-ReloadPlugins/DEBUG] [END] Reloading Section: "reloadable-plugin/EntrySettingsAdapterRegistryImpl/DefaultClientRuntimePlugin [roughlyenoughitems]/" done in 6.100 μs
[11:41:21] [REI-ReloadPlugins/DEBUG] [END] Reloading Section: "reloadable-plugin/EntrySettingsAdapterRegistryImpl/DefaultRuntimePlugin [roughlyenoughitems]/"
[11:41:21] [REI-ReloadPlugins/DEBUG] [END] Reloading Section: "reloadable-plugin/EntrySettingsAdapterRegistryImpl/DefaultRuntimePlugin [roughlyenoughitems]/" done in 6.300 μs
[11:41:21] [REI-ReloadPlugins/DEBUG] [END] Reloading Section: "reloadable-plugin/EntrySettingsAdapterRegistryImpl/" done in 537.6 μs
[11:41:21] [REI-ReloadPlugins/DEBUG] [END] Reloading Section: "reloadable-plugin/RecipeManagerContextImpl/"
[11:41:21] [REI-ReloadPlugins/DEBUG] [END] Reloading Section: "reloadable-plugin/RecipeManagerContextImpl/DefaultClientPlugin [roughlyenoughitems]/"
[11:41:21] [REI-ReloadPlugins/DEBUG] [END] Reloading Section: "reloadable-plugin/RecipeManagerContextImpl/DefaultClientPlugin [roughlyenoughitems]/" done in 8.000 μs
[11:41:21] [REI-ReloadPlugins/DEBUG] [END] Reloading Section: "reloadable-plugin/RecipeManagerContextImpl/DefaultPlugin [roughlyenoughitems]/"
[11:41:21] [REI-ReloadPlugins/DEBUG] [END] Reloading Section: "reloadable-plugin/RecipeManagerContextImpl/DefaultPlugin [roughlyenoughitems]/" done in 6.100 μs
[11:41:21] [REI-ReloadPlugins/DEBUG] [END] Reloading Section: "reloadable-plugin/RecipeManagerContextImpl/FabricFluidAPISupportPlugin/"
[11:41:21] [REI-ReloadPlugins/DEBUG] [END] Reloading Section: "reloadable-plugin/RecipeManagerContextImpl/FabricFluidAPISupportPlugin/" done in 7.000 μs
[11:41:21] [REI-ReloadPlugins/DEBUG] [END] Reloading Section: "reloadable-plugin/RecipeManagerContextImpl/DefaultClientRuntimePlugin [roughlyenoughitems]/"
[11:41:21] [REI-ReloadPlugins/DEBUG] [END] Reloading Section: "reloadable-plugin/RecipeManagerContextImpl/DefaultClientRuntimePlugin [roughlyenoughitems]/" done in 5.800 μs
[11:41:21] [REI-ReloadPlugins/DEBUG] [END] Reloading Section: "reloadable-plugin/RecipeManagerContextImpl/DefaultRuntimePlugin [roughlyenoughitems]/"
[11:41:21] [REI-ReloadPlugins/DEBUG] [END] Reloading Section: "reloadable-plugin/RecipeManagerContextImpl/DefaultRuntimePlugin [roughlyenoughitems]/" done in 5.900 μs
[11:41:21] [REI-ReloadPlugins/DEBUG] [END] Reloading Section: "reloadable-plugin/RecipeManagerContextImpl/" done in 527.3 μs
[11:41:21] [REI-ReloadPlugins/DEBUG] [END] Reloading Section: "reloadable-plugin/ItemComparatorRegistryImpl/"
[11:41:21] [REI-ReloadPlugins/DEBUG] [END] Reloading Section: "reloadable-plugin/ItemComparatorRegistryImpl/DefaultClientPlugin [roughlyenoughitems]/"
[11:41:21] [REI-ReloadPlugins/DEBUG] [END] Reloading Section: "reloadable-plugin/ItemComparatorRegistryImpl/DefaultClientPlugin [roughlyenoughitems]/" done in 6.400 μs
[11:41:21] [REI-ReloadPlugins/DEBUG] [END] Reloading Section: "reloadable-plugin/ItemComparatorRegistryImpl/DefaultPlugin [roughlyenoughitems]/"
[11:41:21] [REI-ReloadPlugins/DEBUG] [END] Reloading Section: "reloadable-plugin/ItemComparatorRegistryImpl/DefaultPlugin [roughlyenoughitems]/" done in 5.900 μs
[11:41:21] [REI-ReloadPlugins/DEBUG] [END] Reloading Section: "reloadable-plugin/ItemComparatorRegistryImpl/FabricFluidAPISupportPlugin/"
[11:41:21] [REI-ReloadPlugins/DEBUG] [END] Reloading Section: "reloadable-plugin/ItemComparatorRegistryImpl/FabricFluidAPISupportPlugin/" done in 6.800 μs
[11:41:21] [REI-ReloadPlugins/DEBUG] [END] Reloading Section: "reloadable-plugin/ItemComparatorRegistryImpl/DefaultClientRuntimePlugin [roughlyenoughitems]/"
[11:41:21] [REI-ReloadPlugins/DEBUG] [END] Reloading Section: "reloadable-plugin/ItemComparatorRegistryImpl/DefaultClientRuntimePlugin [roughlyenoughitems]/" done in 5.800 μs
[11:41:21] [REI-ReloadPlugins/DEBUG] [END] Reloading Section: "reloadable-plugin/ItemComparatorRegistryImpl/DefaultRuntimePlugin [roughlyenoughitems]/"
[11:41:21] [REI-ReloadPlugins/DEBUG] [END] Reloading Section: "reloadable-plugin/ItemComparatorRegistryImpl/DefaultRuntimePlugin [roughlyenoughitems]/" done in 5.900 μs
[11:41:21] [REI-ReloadPlugins/DEBUG] [END] Reloading Section: "reloadable-plugin/ItemComparatorRegistryImpl/" done in 514.5 μs
[11:41:21] [REI-ReloadPlugins/DEBUG] [END] Reloading Section: "reloadable-plugin/FluidComparatorRegistryImpl/"
[11:41:21] [REI-ReloadPlugins/DEBUG] [END] Reloading Section: "reloadable-plugin/FluidComparatorRegistryImpl/DefaultClientPlugin [roughlyenoughitems]/"
[11:41:21] [REI-ReloadPlugins/DEBUG] [END] Reloading Section: "reloadable-plugin/FluidComparatorRegistryImpl/DefaultClientPlugin [roughlyenoughitems]/" done in 7.200 μs
[11:41:21] [REI-ReloadPlugins/DEBUG] [END] Reloading Section: "reloadable-plugin/FluidComparatorRegistryImpl/DefaultPlugin [roughlyenoughitems]/"
[11:41:21] [REI-ReloadPlugins/DEBUG] [END] Reloading Section: "reloadable-plugin/FluidComparatorRegistryImpl/DefaultPlugin [roughlyenoughitems]/" done in 5.900 μs
[11:41:21] [REI-ReloadPlugins/DEBUG] [END] Reloading Section: "reloadable-plugin/FluidComparatorRegistryImpl/FabricFluidAPISupportPlugin/"
[11:41:21] [REI-ReloadPlugins/DEBUG] [END] Reloading Section: "reloadable-plugin/FluidComparatorRegistryImpl/FabricFluidAPISupportPlugin/" done in 7.200 μs
[11:41:21] [REI-ReloadPlugins/DEBUG] [END] Reloading Section: "reloadable-plugin/FluidComparatorRegistryImpl/DefaultClientRuntimePlugin [roughlyenoughitems]/"
[11:41:21] [REI-ReloadPlugins/DEBUG] [END] Reloading Section: "reloadable-plugin/FluidComparatorRegistryImpl/DefaultClientRuntimePlugin [roughlyenoughitems]/" done in 9.400 μs
[11:41:21] [REI-ReloadPlugins/DEBUG] [END] Reloading Section: "reloadable-plugin/FluidComparatorRegistryImpl/DefaultRuntimePlugin [roughlyenoughitems]/"
[11:41:21] [REI-ReloadPlugins/DEBUG] [END] Reloading Section: "reloadable-plugin/FluidComparatorRegistryImpl/DefaultRuntimePlugin [roughlyenoughitems]/" done in 6.100 μs
[11:41:21] [REI-ReloadPlugins/DEBUG] [END] Reloading Section: "reloadable-plugin/FluidComparatorRegistryImpl/" done in 781.8 μs
[11:41:21] [REI-ReloadPlugins/DEBUG] [END] Reloading Section: "reloadable-plugin/DisplaySerializerRegistryImpl/"
[11:41:21] [REI-ReloadPlugins/DEBUG] [END] Reloading Section: "reloadable-plugin/DisplaySerializerRegistryImpl/DefaultClientPlugin [roughlyenoughitems]/"
[11:41:21] [REI-ReloadPlugins/DEBUG] [END] Reloading Section: "reloadable-plugin/DisplaySerializerRegistryImpl/DefaultClientPlugin [roughlyenoughitems]/" done in 23.20 μs
[11:41:21] [REI-ReloadPlugins/DEBUG] [END] Reloading Section: "reloadable-plugin/DisplaySerializerRegistryImpl/DefaultPlugin [roughlyenoughitems]/"
[11:41:21] [REI-ReloadPlugins/DEBUG] [END] Reloading Section: "reloadable-plugin/DisplaySerializerRegistryImpl/DefaultPlugin [roughlyenoughitems]/" done in 393.9 ms
[11:41:21] [REI-ReloadPlugins/DEBUG] [END] Reloading Section: "reloadable-plugin/DisplaySerializerRegistryImpl/FabricFluidAPISupportPlugin/"
[11:41:21] [REI-ReloadPlugins/DEBUG] [END] Reloading Section: "reloadable-plugin/DisplaySerializerRegistryImpl/FabricFluidAPISupportPlugin/" done in 17.00 μs
[11:41:21] [REI-ReloadPlugins/DEBUG] [END] Reloading Section: "reloadable-plugin/DisplaySerializerRegistryImpl/DefaultClientRuntimePlugin [roughlyenoughitems]/"
[11:41:21] [REI-ReloadPlugins/DEBUG] [END] Reloading Section: "reloadable-plugin/DisplaySerializerRegistryImpl/DefaultClientRuntimePlugin [roughlyenoughitems]/" done in 7.000 μs
[11:41:21] [REI-ReloadPlugins/DEBUG] [END] Reloading Section: "reloadable-plugin/DisplaySerializerRegistryImpl/DefaultRuntimePlugin [roughlyenoughitems]/"
[11:41:21] [REI-ReloadPlugins/DEBUG] [END] Reloading Section: "reloadable-plugin/DisplaySerializerRegistryImpl/DefaultRuntimePlugin [roughlyenoughitems]/" done in 6.300 μs
[11:41:21] [REI-ReloadPlugins/DEBUG] [END] Reloading Section: "reloadable-plugin/DisplaySerializerRegistryImpl/" done in 394.8 ms
[11:41:21] [REI-ReloadPlugins/DEBUG] [END] Reloading Section: "reloadable-plugin/FluidSupportProviderImpl/"
[11:41:21] [REI-ReloadPlugins/DEBUG] [END] Reloading Section: "reloadable-plugin/FluidSupportProviderImpl/DefaultClientPlugin [roughlyenoughitems]/"
[11:41:21] [REI-ReloadPlugins/DEBUG] [END] Reloading Section: "reloadable-plugin/FluidSupportProviderImpl/DefaultClientPlugin [roughlyenoughitems]/" done in 6.600 μs
[11:41:21] [REI-ReloadPlugins/DEBUG] [END] Reloading Section: "reloadable-plugin/FluidSupportProviderImpl/DefaultPlugin [roughlyenoughitems]/"
[11:41:21] [REI-ReloadPlugins/DEBUG] [END] Reloading Section: "reloadable-plugin/FluidSupportProviderImpl/DefaultPlugin [roughlyenoughitems]/" done in 6.000 μs
[11:41:21] [REI-ReloadPlugins/DEBUG] [END] Reloading Section: "reloadable-plugin/FluidSupportProviderImpl/FabricFluidAPISupportPlugin/"
[11:41:21] [REI-ReloadPlugins/DEBUG] [END] Reloading Section: "reloadable-plugin/FluidSupportProviderImpl/FabricFluidAPISupportPlugin/" done in 7.300 μs
[11:41:21] [REI-ReloadPlugins/DEBUG] [END] Reloading Section: "reloadable-plugin/FluidSupportProviderImpl/DefaultClientRuntimePlugin [roughlyenoughitems]/"
[11:41:21] [REI-ReloadPlugins/DEBUG] [END] Reloading Section: "reloadable-plugin/FluidSupportProviderImpl/DefaultClientRuntimePlugin [roughlyenoughitems]/" done in 6.100 μs
[11:41:21] [REI-ReloadPlugins/DEBUG] [END] Reloading Section: "reloadable-plugin/FluidSupportProviderImpl/DefaultRuntimePlugin [roughlyenoughitems]/"
[11:41:21] [REI-ReloadPlugins/DEBUG] [END] Reloading Section: "reloadable-plugin/FluidSupportProviderImpl/DefaultRuntimePlugin [roughlyenoughitems]/" done in 5.800 μs
[11:41:21] [REI-ReloadPlugins/DEBUG] [END] Reloading Section: "reloadable-plugin/FluidSupportProviderImpl/" done in 536.9 μs
[11:41:21] [REI-ReloadPlugins/DEBUG] [END] Reloading Section: "reloadable-plugin/me.shedaniel.rei.plugin.client.runtime.PluginStageExecutionWatcher$1/"
[11:41:21] [REI-ReloadPlugins/DEBUG] [END] Reloading Section: "reloadable-plugin/me.shedaniel.rei.plugin.client.runtime.PluginStageExecutionWatcher$1/DefaultClientPlugin [roughlyenoughitems]/"
[11:41:21] [REI-ReloadPlugins/DEBUG] [END] Reloading Section: "reloadable-plugin/me.shedaniel.rei.plugin.client.runtime.PluginStageExecutionWatcher$1/DefaultClientPlugin [roughlyenoughitems]/" done in 6.100 μs
[11:41:21] [REI-ReloadPlugins/DEBUG] [END] Reloading Section: "reloadable-plugin/me.shedaniel.rei.plugin.client.runtime.PluginStageExecutionWatcher$1/DefaultPlugin [roughlyenoughitems]/"
[11:41:21] [REI-ReloadPlugins/DEBUG] [END] Reloading Section: "reloadable-plugin/me.shedaniel.rei.plugin.client.runtime.PluginStageExecutionWatcher$1/DefaultPlugin [roughlyenoughitems]/" done in 6.800 μs
[11:41:21] [REI-ReloadPlugins/DEBUG] [END] Reloading Section: "reloadable-plugin/me.shedaniel.rei.plugin.client.runtime.PluginStageExecutionWatcher$1/FabricFluidAPISupportPlugin/"
[11:41:21] [REI-ReloadPlugins/DEBUG] [END] Reloading Section: "reloadable-plugin/me.shedaniel.rei.plugin.client.runtime.PluginStageExecutionWatcher$1/FabricFluidAPISupportPlugin/" done in 6.100 μs
[11:41:21] [REI-ReloadPlugins/DEBUG] [END] Reloading Section: "reloadable-plugin/me.shedaniel.rei.plugin.client.runtime.PluginStageExecutionWatcher$1/DefaultClientRuntimePlugin [roughlyenoughitems]/"
[11:41:21] [REI-ReloadPlugins/DEBUG] [END] Reloading Section: "reloadable-plugin/me.shedaniel.rei.plugin.client.runtime.PluginStageExecutionWatcher$1/DefaultClientRuntimePlugin [roughlyenoughitems]/" done in 17.60 μs
[11:41:21] [REI-ReloadPlugins/DEBUG] [END] Reloading Section: "reloadable-plugin/me.shedaniel.rei.plugin.client.runtime.PluginStageExecutionWatcher$1/DefaultRuntimePlugin [roughlyenoughitems]/"
[11:41:21] [REI-ReloadPlugins/DEBUG] [END] Reloading Section: "reloadable-plugin/me.shedaniel.rei.plugin.client.runtime.PluginStageExecutionWatcher$1/DefaultRuntimePlugin [roughlyenoughitems]/" done in 9.600 μs
[11:41:21] [REI-ReloadPlugins/DEBUG] [END] Reloading Section: "reloadable-plugin/me.shedaniel.rei.plugin.client.runtime.PluginStageExecutionWatcher$1/" done in 33.08 ms
[11:41:21] [REI-ReloadPlugins/DEBUG] [END] Reloading Section: "end-reload/"
[11:41:21] [REI-ReloadPlugins/DEBUG] [END] Reloading Section: "end-reload/EntryTypeRegistryImpl/"
[11:41:21] [REI-ReloadPlugins/DEBUG] [END] Reloading Section: "end-reload/EntryTypeRegistryImpl/" done in 10.40 μs
[11:41:21] [REI-ReloadPlugins/DEBUG] [END] Reloading Section: "end-reload/EntrySettingsAdapterRegistryImpl/"
[11:41:21] [REI-ReloadPlugins/DEBUG] [END] Reloading Section: "end-reload/EntrySettingsAdapterRegistryImpl/" done in 6.700 μs
[11:41:21] [REI-ReloadPlugins/DEBUG] [END] Reloading Section: "end-reload/RecipeManagerContextImpl/"
[11:41:21] [REI-ReloadPlugins/DEBUG] [END] Reloading Section: "end-reload/RecipeManagerContextImpl/" done in 5.900 μs
[11:41:21] [REI-ReloadPlugins/DEBUG] [END] Reloading Section: "end-reload/ItemComparatorRegistryImpl/"
[11:41:21] [REI-ReloadPlugins/DEBUG] [END] Reloading Section: "end-reload/ItemComparatorRegistryImpl/" done in 17.90 μs
[11:41:21] [REI-ReloadPlugins/DEBUG] [END] Reloading Section: "end-reload/FluidComparatorRegistryImpl/"
[11:41:21] [REI-ReloadPlugins/DEBUG] [END] Reloading Section: "end-reload/FluidComparatorRegistryImpl/" done in 6.900 μs
[11:41:21] [REI-ReloadPlugins/DEBUG] [END] Reloading Section: "end-reload/DisplaySerializerRegistryImpl/"
[11:41:21] [REI-ReloadPlugins/DEBUG] [END] Reloading Section: "end-reload/DisplaySerializerRegistryImpl/" done in 5.800 μs
[11:41:21] [REI-ReloadPlugins/DEBUG] [END] Reloading Section: "end-reload/FluidSupportProviderImpl/"
[11:41:21] [REI-ReloadPlugins/DEBUG] [END] Reloading Section: "end-reload/FluidSupportProviderImpl/" done in 6.200 μs
[11:41:21] [REI-ReloadPlugins/DEBUG] [END] Reloading Section: "end-reload/me.shedaniel.rei.plugin.client.runtime.PluginStageExecutionWatcher$1/"
[11:41:21] [REI-ReloadPlugins/DEBUG] [END] Reloading Section: "end-reload/me.shedaniel.rei.plugin.client.runtime.PluginStageExecutionWatcher$1/" done in 5.200 μs
[11:41:21] [REI-ReloadPlugins/DEBUG] [END] Reloading Section: "end-reload/" done in 3.922 ms
[11:41:21] [REI-ReloadPlugins/INFO] Reloaded Plugin Manager [REIPlugin] with 2 entry types, 5 item comparators, 0 fluid comparators and 2 fluid support providers in 449ms.
[11:41:21] [REI-ReloadPlugins/DEBUG] [END] Reloading Section: "start-reload/"
[11:41:21] [REI-ReloadPlugins/DEBUG] [END] Reloading Section: "start-reload/EntryRendererRegistryImpl/"
[11:41:21] [REI-ReloadPlugins/DEBUG] [END] Reloading Section: "start-reload/EntryRendererRegistryImpl/" done in 2.706 ms
[11:41:21] [REI-ReloadPlugins/DEBUG] [END] Reloading Section: "start-reload/ViewsImpl/"
[11:41:21] [REI-ReloadPlugins/DEBUG] [END] Reloading Section: "start-reload/ViewsImpl/" done in 12.90 μs
[11:41:21] [REI-ReloadPlugins/DEBUG] [END] Reloading Section: "start-reload/SearchProviderImpl/"
[11:41:21] [REI-ReloadPlugins/DEBUG] [END] Reloading Section: "start-reload/SearchProviderImpl/" done in 13.00 μs
[11:41:21] [REI-ReloadPlugins/DEBUG] [END] Reloading Section: "start-reload/ConfigManagerImpl/"
[11:41:21] [REI-ReloadPlugins/DEBUG] [END] Reloading Section: "start-reload/ConfigManagerImpl/" done in 1.095 ms
[11:41:21] [REI-ReloadPlugins/DEBUG] [END] Reloading Section: "start-reload/EntryRegistryImpl/"
[11:41:21] [REI-ReloadPlugins/DEBUG] [END] Reloading Section: "start-reload/EntryRegistryImpl/" done in 28.40 μs
[11:41:21] [REI-ReloadPlugins/DEBUG] [END] Reloading Section: "start-reload/CategoryRegistryImpl/"
[11:41:21] [REI-ReloadPlugins/DEBUG] [END] Reloading Section: "start-reload/CategoryRegistryImpl/" done in 16.90 μs
[11:41:21] [REI-ReloadPlugins/DEBUG] [END] Reloading Section: "start-reload/DisplayRegistryImpl/"
[11:41:21] [REI-ReloadPlugins/DEBUG] [END] Reloading Section: "start-reload/DisplayRegistryImpl/" done in 34.70 μs
[11:41:21] [REI-ReloadPlugins/DEBUG] [END] Reloading Section: "start-reload/ScreenRegistryImpl/"
[11:41:21] [REI-ReloadPlugins/DEBUG] [END] Reloading Section: "start-reload/ScreenRegistryImpl/" done in 7.000 μs
[11:41:21] [REI-ReloadPlugins/DEBUG] [END] Reloading Section: "start-reload/FavoriteEntryTypeRegistryImpl/"
[11:41:21] [REI-ReloadPlugins/DEBUG] [END] Reloading Section: "start-reload/FavoriteEntryTypeRegistryImpl/" done in 5.800 μs
[11:41:21] [REI-ReloadPlugins/DEBUG] [END] Reloading Section: "start-reload/SubsetsRegistryImpl/"
[11:41:21] [REI-ReloadPlugins/DEBUG] [END] Reloading Section: "start-reload/SubsetsRegistryImpl/" done in 6.700 μs
[11:41:21] [REI-ReloadPlugins/DEBUG] [END] Reloading Section: "start-reload/TransferHandlerRegistryImpl/"
[11:41:21] [REI-ReloadPlugins/DEBUG] [END] Reloading Section: "start-reload/TransferHandlerRegistryImpl/" done in 17.00 μs
[11:41:21] [REI-ReloadPlugins/DEBUG] [END] Reloading Section: "start-reload/REIRuntimeImpl/"
[11:41:21] [REI-ReloadPlugins/DEBUG] [END] Reloading Section: "start-reload/REIRuntimeImpl/" done in 13.90 μs
[11:41:21] [REI-ReloadPlugins/DEBUG] [END] Reloading Section: "start-reload/me.shedaniel.rei.plugin.client.runtime.PluginStageExecutionWatcher$1/"
[11:41:21] [REI-ReloadPlugins/DEBUG] [END] Reloading Section: "start-reload/me.shedaniel.rei.plugin.client.runtime.PluginStageExecutionWatcher$1/" done in 26.00 μs
[11:41:21] [REI-ReloadPlugins/DEBUG] [END] Reloading Section: "start-reload/" done in 7.307 ms
[11:41:21] [REI-ReloadPlugins/INFO] Reloading Plugin Manager [REIClientPlugin] stage [END], registered 2 plugins: DefaultClientRuntimePlugin [roughlyenoughitems], DefaultClientPlugin [roughlyenoughitems]
[11:41:21] [REI-ReloadPlugins/DEBUG] [END] Reloading Section: "reloadable-plugin/EntryRendererRegistryImpl/"
[11:41:21] [REI-ReloadPlugins/DEBUG] [END] Reloading Section: "reloadable-plugin/EntryRendererRegistryImpl/DefaultClientPlugin [roughlyenoughitems]/"
[11:41:21] [REI-ReloadPlugins/DEBUG] [END] Reloading Section: "reloadable-plugin/EntryRendererRegistryImpl/DefaultClientPlugin [roughlyenoughitems]/" done in 25.80 μs
[11:41:21] [REI-ReloadPlugins/DEBUG] [END] Reloading Section: "reloadable-plugin/EntryRendererRegistryImpl/DefaultClientRuntimePlugin [roughlyenoughitems]/"
[11:41:21] [REI-ReloadPlugins/DEBUG] [END] Reloading Section: "reloadable-plugin/EntryRendererRegistryImpl/DefaultClientRuntimePlugin [roughlyenoughitems]/" done in 7.200 μs
[11:41:21] [REI-ReloadPlugins/DEBUG] [END] Reloading Section: "reloadable-plugin/EntryRendererRegistryImpl/" done in 664.9 μs
[11:41:21] [REI-ReloadPlugins/DEBUG] [END] Reloading Section: "reloadable-plugin/ViewsImpl/"
[11:41:21] [REI-ReloadPlugins/DEBUG] [END] Reloading Section: "reloadable-plugin/ViewsImpl/DefaultClientPlugin [roughlyenoughitems]/"
[11:41:21] [REI-ReloadPlugins/DEBUG] [END] Reloading Section: "reloadable-plugin/ViewsImpl/DefaultClientPlugin [roughlyenoughitems]/" done in 9.100 μs
[11:41:21] [REI-ReloadPlugins/DEBUG] [END] Reloading Section: "reloadable-plugin/ViewsImpl/DefaultClientRuntimePlugin [roughlyenoughitems]/"
[11:41:21] [REI-ReloadPlugins/DEBUG] [END] Reloading Section: "reloadable-plugin/ViewsImpl/DefaultClientRuntimePlugin [roughlyenoughitems]/" done in 6.100 μs
[11:41:21] [REI-ReloadPlugins/DEBUG] [END] Reloading Section: "reloadable-plugin/ViewsImpl/" done in 229.4 μs
[11:41:21] [REI-ReloadPlugins/DEBUG] [END] Reloading Section: "reloadable-plugin/SearchProviderImpl/"
[11:41:21] [REI-ReloadPlugins/DEBUG] [END] Reloading Section: "reloadable-plugin/SearchProviderImpl/DefaultClientPlugin [roughlyenoughitems]/"
[11:41:21] [REI-ReloadPlugins/DEBUG] [END] Reloading Section: "reloadable-plugin/SearchProviderImpl/DefaultClientPlugin [roughlyenoughitems]/" done in 7.400 μs
[11:41:21] [REI-ReloadPlugins/DEBUG] [END] Reloading Section: "reloadable-plugin/SearchProviderImpl/DefaultClientRuntimePlugin [roughlyenoughitems]/"
[11:41:21] [REI-ReloadPlugins/DEBUG] [END] Reloading Section: "reloadable-plugin/SearchProviderImpl/DefaultClientRuntimePlugin [roughlyenoughitems]/" done in 5.900 μs
[11:41:21] [REI-ReloadPlugins/DEBUG] [END] Reloading Section: "reloadable-plugin/SearchProviderImpl/" done in 1.219 ms
[11:41:21] [REI-ReloadPlugins/DEBUG] [END] Reloading Section: "reloadable-plugin/ConfigManagerImpl/"
[11:41:21] [REI-ReloadPlugins/DEBUG] [END] Reloading Section: "reloadable-plugin/ConfigManagerImpl/DefaultClientPlugin [roughlyenoughitems]/"
[11:41:21] [REI-ReloadPlugins/DEBUG] [END] Reloading Section: "reloadable-plugin/ConfigManagerImpl/DefaultClientPlugin [roughlyenoughitems]/" done in 11.40 μs
[11:41:21] [REI-ReloadPlugins/DEBUG] [END] Reloading Section: "reloadable-plugin/ConfigManagerImpl/DefaultClientRuntimePlugin [roughlyenoughitems]/"
[11:41:21] [REI-ReloadPlugins/DEBUG] [END] Reloading Section: "reloadable-plugin/ConfigManagerImpl/DefaultClientRuntimePlugin [roughlyenoughitems]/" done in 6.400 μs
[11:41:21] [REI-ReloadPlugins/DEBUG] [END] Reloading Section: "reloadable-plugin/ConfigManagerImpl/" done in 225.4 μs
[11:41:21] [REI-ReloadPlugins/DEBUG] [END] Reloading Section: "reloadable-plugin/EntryRegistryImpl/"
[11:41:21] [REI-ReloadPlugins/DEBUG] [END] Reloading Section: "reloadable-plugin/EntryRegistryImpl/DefaultClientPlugin [roughlyenoughitems]/"
[11:41:21] [REI-ReloadPlugins/DEBUG] [END] Reloading Section: "reloadable-plugin/EntryRegistryImpl/DefaultClientPlugin [roughlyenoughitems]/" done in 6.600 μs
[11:41:21] [REI-ReloadPlugins/DEBUG] [END] Reloading Section: "reloadable-plugin/EntryRegistryImpl/DefaultClientRuntimePlugin [roughlyenoughitems]/"
[11:41:21] [REI-ReloadPlugins/DEBUG] [END] Reloading Section: "reloadable-plugin/EntryRegistryImpl/DefaultClientRuntimePlugin [roughlyenoughitems]/" done in 5.800 μs
[11:41:21] [REI-ReloadPlugins/DEBUG] [END] Reloading Section: "reloadable-plugin/EntryRegistryImpl/" done in 188.6 μs
[11:41:21] [REI-ReloadPlugins/DEBUG] [END] Reloading Section: "reloadable-plugin/CategoryRegistryImpl/"
[11:41:21] [REI-ReloadPlugins/DEBUG] [END] Reloading Section: "reloadable-plugin/CategoryRegistryImpl/DefaultClientPlugin [roughlyenoughitems]/"
[11:41:21] [REI-ReloadPlugins/DEBUG] [END] Reloading Section: "reloadable-plugin/CategoryRegistryImpl/DefaultClientPlugin [roughlyenoughitems]/" done in 15.10 ms
[11:41:21] [REI-ReloadPlugins/DEBUG] [END] Reloading Section: "reloadable-plugin/CategoryRegistryImpl/DefaultClientRuntimePlugin [roughlyenoughitems]/"
[11:41:21] [REI-ReloadPlugins/DEBUG] [END] Reloading Section: "reloadable-plugin/CategoryRegistryImpl/DefaultClientRuntimePlugin [roughlyenoughitems]/" done in 14.20 μs
[11:41:21] [REI-ReloadPlugins/DEBUG] [END] Reloading Section: "reloadable-plugin/CategoryRegistryImpl/" done in 15.53 ms
[11:41:21] [REI-ReloadPlugins/DEBUG] [END] Reloading Section: "reloadable-plugin/DisplayRegistryImpl/"
[11:41:21] [REI-ReloadPlugins/DEBUG] [END] Reloading Section: "reloadable-plugin/DisplayRegistryImpl/DefaultClientPlugin [roughlyenoughitems]/"
[11:41:21] [REI-ReloadPlugins/DEBUG] [END] Reloading Section: "reloadable-plugin/DisplayRegistryImpl/DefaultClientPlugin [roughlyenoughitems]/" done in 337.7 ms
[11:41:21] [REI-ReloadPlugins/DEBUG] [END] Reloading Section: "reloadable-plugin/DisplayRegistryImpl/DefaultClientRuntimePlugin [roughlyenoughitems]/"
[11:41:21] [REI-ReloadPlugins/DEBUG] Computed existing filtered displays with 1 rules in 32.98 ms
[11:41:21] [REI-ReloadPlugins/DEBUG] [END] Reloading Section: "reloadable-plugin/DisplayRegistryImpl/DefaultClientRuntimePlugin [roughlyenoughitems]/" done in 33.32 ms
[11:41:21] [REI-ReloadPlugins/DEBUG] [END] Reloading Section: "reloadable-plugin/DisplayRegistryImpl/" done in 371.5 ms
[11:41:21] [REI-ReloadPlugins/DEBUG] [END] Reloading Section: "reloadable-plugin/ScreenRegistryImpl/"
[11:41:21] [REI-ReloadPlugins/DEBUG] [END] Reloading Section: "reloadable-plugin/ScreenRegistryImpl/DefaultClientPlugin [roughlyenoughitems]/"
[11:41:21] [REI-ReloadPlugins/DEBUG] [END] Reloading Section: "reloadable-plugin/ScreenRegistryImpl/DefaultClientPlugin [roughlyenoughitems]/" done in 15.50 μs
[11:41:21] [REI-ReloadPlugins/DEBUG] [END] Reloading Section: "reloadable-plugin/ScreenRegistryImpl/DefaultClientRuntimePlugin [roughlyenoughitems]/"
[11:41:21] [REI-ReloadPlugins/DEBUG] [END] Reloading Section: "reloadable-plugin/ScreenRegistryImpl/DefaultClientRuntimePlugin [roughlyenoughitems]/" done in 195.0 μs
[11:41:21] [REI-ReloadPlugins/DEBUG] [END] Reloading Section: "reloadable-plugin/ScreenRegistryImpl/" done in 529.5 μs
[11:41:21] [REI-ReloadPlugins/DEBUG] [END] Reloading Section: "reloadable-plugin/FavoriteEntryTypeRegistryImpl/"
[11:41:21] [REI-ReloadPlugins/DEBUG] [END] Reloading Section: "reloadable-plugin/FavoriteEntryTypeRegistryImpl/DefaultClientPlugin [roughlyenoughitems]/"
[11:41:21] [REI-ReloadPlugins/DEBUG] [END] Reloading Section: "reloadable-plugin/FavoriteEntryTypeRegistryImpl/DefaultClientPlugin [roughlyenoughitems]/" done in 8.900 μs
[11:41:21] [REI-ReloadPlugins/DEBUG] [END] Reloading Section: "reloadable-plugin/FavoriteEntryTypeRegistryImpl/DefaultClientRuntimePlugin [roughlyenoughitems]/"
[11:41:21] [REI-ReloadPlugins/DEBUG] [END] Reloading Section: "reloadable-plugin/FavoriteEntryTypeRegistryImpl/DefaultClientRuntimePlugin [roughlyenoughitems]/" done in 6.200 μs
[11:41:21] [REI-ReloadPlugins/DEBUG] [END] Reloading Section: "reloadable-plugin/FavoriteEntryTypeRegistryImpl/" done in 210.0 μs
[11:41:21] [REI-ReloadPlugins/DEBUG] [END] Reloading Section: "reloadable-plugin/SubsetsRegistryImpl/"
[11:41:21] [REI-ReloadPlugins/DEBUG] [END] Reloading Section: "reloadable-plugin/SubsetsRegistryImpl/DefaultClientPlugin [roughlyenoughitems]/"
[11:41:21] [REI-ReloadPlugins/DEBUG] [END] Reloading Section: "reloadable-plugin/SubsetsRegistryImpl/DefaultClientPlugin [roughlyenoughitems]/" done in 6.700 μs
[11:41:21] [REI-ReloadPlugins/DEBUG] [END] Reloading Section: "reloadable-plugin/SubsetsRegistryImpl/DefaultClientRuntimePlugin [roughlyenoughitems]/"
[11:41:21] [REI-ReloadPlugins/DEBUG] [END] Reloading Section: "reloadable-plugin/SubsetsRegistryImpl/DefaultClientRuntimePlugin [roughlyenoughitems]/" done in 5.600 μs
[11:41:21] [REI-ReloadPlugins/DEBUG] [END] Reloading Section: "reloadable-plugin/SubsetsRegistryImpl/" done in 193.0 μs
[11:41:21] [REI-ReloadPlugins/DEBUG] [END] Reloading Section: "reloadable-plugin/TransferHandlerRegistryImpl/"
[11:41:21] [REI-ReloadPlugins/DEBUG] [END] Reloading Section: "reloadable-plugin/TransferHandlerRegistryImpl/DefaultClientPlugin [roughlyenoughitems]/"
[11:41:21] [REI-ReloadPlugins/DEBUG] [END] Reloading Section: "reloadable-plugin/TransferHandlerRegistryImpl/DefaultClientPlugin [roughlyenoughitems]/" done in 786.7 μs
[11:41:21] [REI-ReloadPlugins/DEBUG] [END] Reloading Section: "reloadable-plugin/TransferHandlerRegistryImpl/DefaultClientRuntimePlugin [roughlyenoughitems]/"
[11:41:22] [REI-ReloadPlugins/DEBUG] [END] Reloading Section: "reloadable-plugin/TransferHandlerRegistryImpl/DefaultClientRuntimePlugin [roughlyenoughitems]/" done in 79.66 ms
[11:41:22] [REI-ReloadPlugins/DEBUG] [END] Reloading Section: "reloadable-plugin/TransferHandlerRegistryImpl/" done in 81.00 ms
[11:41:22] [REI-ReloadPlugins/DEBUG] [END] Reloading Section: "reloadable-plugin/REIRuntimeImpl/"
[11:41:22] [REI-ReloadPlugins/DEBUG] [END] Reloading Section: "reloadable-plugin/REIRuntimeImpl/DefaultClientPlugin [roughlyenoughitems]/"
[11:41:22] [REI-ReloadPlugins/DEBUG] [END] Reloading Section: "reloadable-plugin/REIRuntimeImpl/DefaultClientPlugin [roughlyenoughitems]/" done in 10.20 μs
[11:41:22] [REI-ReloadPlugins/DEBUG] [END] Reloading Section: "reloadable-plugin/REIRuntimeImpl/DefaultClientRuntimePlugin [roughlyenoughitems]/"
[11:41:22] [REI-ReloadPlugins/DEBUG] [END] Reloading Section: "reloadable-plugin/REIRuntimeImpl/DefaultClientRuntimePlugin [roughlyenoughitems]/" done in 6.500 μs
[11:41:22] [REI-ReloadPlugins/DEBUG] [END] Reloading Section: "reloadable-plugin/REIRuntimeImpl/" done in 234.6 μs
[11:41:22] [REI-ReloadPlugins/DEBUG] [END] Reloading Section: "reloadable-plugin/me.shedaniel.rei.plugin.client.runtime.PluginStageExecutionWatcher$1/"
[11:41:22] [REI-ReloadPlugins/DEBUG] [END] Reloading Section: "reloadable-plugin/me.shedaniel.rei.plugin.client.runtime.PluginStageExecutionWatcher$1/DefaultClientPlugin [roughlyenoughitems]/"
[11:41:22] [REI-ReloadPlugins/DEBUG] [END] Reloading Section: "reloadable-plugin/me.shedaniel.rei.plugin.client.runtime.PluginStageExecutionWatcher$1/DefaultClientPlugin [roughlyenoughitems]/" done in 6.400 μs
[11:41:22] [REI-ReloadPlugins/DEBUG] [END] Reloading Section: "reloadable-plugin/me.shedaniel.rei.plugin.client.runtime.PluginStageExecutionWatcher$1/DefaultClientRuntimePlugin [roughlyenoughitems]/"
[11:41:22] [REI-ReloadPlugins/DEBUG] [END] Reloading Section: "reloadable-plugin/me.shedaniel.rei.plugin.client.runtime.PluginStageExecutionWatcher$1/DefaultClientRuntimePlugin [roughlyenoughitems]/" done in 13.90 μs
[11:41:22] [REI-ReloadPlugins/DEBUG] [END] Reloading Section: "reloadable-plugin/me.shedaniel.rei.plugin.client.runtime.PluginStageExecutionWatcher$1/" done in 777.9 μs
[11:41:22] [REI-ReloadPlugins/DEBUG] [END] Reloading Section: "end-reload/"
[11:41:22] [REI-ReloadPlugins/DEBUG] [END] Reloading Section: "end-reload/EntryRendererRegistryImpl/"
[11:41:22] [REI-ReloadPlugins/DEBUG] [END] Reloading Section: "end-reload/EntryRendererRegistryImpl/" done in 6.700 μs
[11:41:22] [REI-ReloadPlugins/DEBUG] [END] Reloading Section: "end-reload/ViewsImpl/"
[11:41:22] [REI-ReloadPlugins/DEBUG] [END] Reloading Section: "end-reload/ViewsImpl/" done in 5.200 μs
[11:41:22] [REI-ReloadPlugins/DEBUG] [END] Reloading Section: "end-reload/SearchProviderImpl/"
[11:41:22] [REI-ReloadPlugins/DEBUG] [END] Reloading Section: "end-reload/SearchProviderImpl/" done in 5.600 μs
[11:41:22] [REI-ReloadPlugins/DEBUG] [END] Reloading Section: "end-reload/ConfigManagerImpl/"
[11:41:22] [REI-ReloadPlugins/DEBUG] [END] Reloading Section: "end-reload/ConfigManagerImpl/" done in 5.700 μs
[11:41:22] [REI-ReloadPlugins/DEBUG] [END] Reloading Section: "end-reload/EntryRegistryImpl/"
[11:41:22] [REI-ReloadPlugins/DEBUG] [END] Reloading Section: "end-reload/EntryRegistryImpl/" done in 5.600 μs
[11:41:22] [REI-ReloadPlugins/DEBUG] [END] Reloading Section: "end-reload/CategoryRegistryImpl/"
[11:41:22] [REI-ReloadPlugins/DEBUG] [END] Reloading Section: "end-reload/CategoryRegistryImpl/" done in 390.6 μs
[11:41:22] [REI-ReloadPlugins/DEBUG] [END] Reloading Section: "end-reload/DisplayRegistryImpl/"
[11:41:22] [REI-ReloadPlugins/DEBUG] [END] Reloading Section: "end-reload/DisplayRegistryImpl/" done in 105.2 ms
[11:41:22] [REI-ReloadPlugins/DEBUG] [END] Reloading Section: "end-reload/ScreenRegistryImpl/"
[11:41:22] [REI-ReloadPlugins/DEBUG] [END] Reloading Section: "end-reload/ScreenRegistryImpl/" done in 11.50 μs
[11:41:22] [REI-ReloadPlugins/DEBUG] [END] Reloading Section: "end-reload/FavoriteEntryTypeRegistryImpl/"
[11:41:22] [REI-ReloadPlugins/DEBUG] [END] Reloading Section: "end-reload/FavoriteEntryTypeRegistryImpl/" done in 6.100 μs
[11:41:22] [REI-ReloadPlugins/DEBUG] [END] Reloading Section: "end-reload/SubsetsRegistryImpl/"
[11:41:22] [REI-ReloadPlugins/DEBUG] [END] Reloading Section: "end-reload/SubsetsRegistryImpl/" done in 6.000 μs
[11:41:22] [REI-ReloadPlugins/DEBUG] [END] Reloading Section: "end-reload/TransferHandlerRegistryImpl/"
[11:41:22] [REI-ReloadPlugins/DEBUG] [END] Reloading Section: "end-reload/TransferHandlerRegistryImpl/" done in 8.500 μs
[11:41:22] [REI-ReloadPlugins/DEBUG] [END] Reloading Section: "end-reload/REIRuntimeImpl/"
[11:41:22] [REI-ReloadPlugins/DEBUG] [END] Reloading Section: "end-reload/REIRuntimeImpl/" done in 12.00 μs
[11:41:22] [REI-ReloadPlugins/DEBUG] [END] Reloading Section: "end-reload/me.shedaniel.rei.plugin.client.runtime.PluginStageExecutionWatcher$1/"
[11:41:22] [REI-ReloadPlugins/DEBUG] [END] Reloading Section: "end-reload/me.shedaniel.rei.plugin.client.runtime.PluginStageExecutionWatcher$1/" done in 2.186 ms
[11:41:22] [REI-ReloadPlugins/DEBUG] [END] Reloading Section: "end-reload/" done in 109.5 ms
[11:41:22] [REI-ReloadPlugins/INFO] Reloaded Plugin Manager [REIClientPlugin] with 1624 entries, 1766 displays, 1 display visibility predicates, 21 categories (Crafting, Smelting, Smoking, Blasting, Campfire, Stone Cutting, Fuel, Brewing, Composting, Stripping, Smithing, Anvil, Beacon Base, Beacon Payment, Tilling, Pathing, Waxing, Wax Scraping, Oxidizing, Oxidation Scraping, Information), 4 exclusion zones and 4 overlay deciders in 591ms.
[11:41:22] [REI-ReloadPlugins/DEBUG] [END] Reloading Section: "start-reload/"
[11:41:22] [REI-ReloadPlugins/DEBUG] [END] Reloading Section: "start-reload/MenuInfoRegistryImpl/"
[11:41:22] [REI-ReloadPlugins/DEBUG] [END] Reloading Section: "start-reload/MenuInfoRegistryImpl/" done in 46.70 μs
[11:41:22] [REI-ReloadPlugins/DEBUG] [END] Reloading Section: "start-reload/me.shedaniel.rei.plugin.client.runtime.PluginStageExecutionWatcher$1/"
[11:41:22] [REI-ReloadPlugins/DEBUG] [END] Reloading Section: "start-reload/me.shedaniel.rei.plugin.client.runtime.PluginStageExecutionWatcher$1/" done in 9.000 μs
[11:41:22] [REI-ReloadPlugins/DEBUG] [END] Reloading Section: "start-reload/" done in 244.4 μs
[11:41:22] [REI-ReloadPlugins/INFO] Reloading Plugin Manager [REIServerPlugin] stage [END], registered 3 plugins: DefaultRuntimePlugin [roughlyenoughitems], FabricFluidAPISupportPlugin, DefaultPlugin [roughlyenoughitems]
[11:41:22] [REI-ReloadPlugins/DEBUG] [END] Reloading Section: "reloadable-plugin/MenuInfoRegistryImpl/"
[11:41:22] [REI-ReloadPlugins/DEBUG] [END] Reloading Section: "reloadable-plugin/MenuInfoRegistryImpl/DefaultPlugin [roughlyenoughitems]/"
[11:41:22] [REI-ReloadPlugins/DEBUG] [END] Reloading Section: "reloadable-plugin/MenuInfoRegistryImpl/DefaultPlugin [roughlyenoughitems]/" done in 3.859 ms
[11:41:22] [REI-ReloadPlugins/DEBUG] [END] Reloading Section: "reloadable-plugin/MenuInfoRegistryImpl/FabricFluidAPISupportPlugin/"
[11:41:22] [REI-ReloadPlugins/DEBUG] [END] Reloading Section: "reloadable-plugin/MenuInfoRegistryImpl/FabricFluidAPISupportPlugin/" done in 14.50 μs
[11:41:22] [REI-ReloadPlugins/DEBUG] [END] Reloading Section: "reloadable-plugin/MenuInfoRegistryImpl/DefaultRuntimePlugin [roughlyenoughitems]/"
[11:41:22] [REI-ReloadPlugins/DEBUG] [END] Reloading Section: "reloadable-plugin/MenuInfoRegistryImpl/DefaultRuntimePlugin [roughlyenoughitems]/" done in 6.900 μs
[11:41:22] [REI-ReloadPlugins/DEBUG] [END] Reloading Section: "reloadable-plugin/MenuInfoRegistryImpl/" done in 4.446 ms
[11:41:22] [REI-ReloadPlugins/DEBUG] [END] Reloading Section: "reloadable-plugin/me.shedaniel.rei.plugin.client.runtime.PluginStageExecutionWatcher$1/"
[11:41:22] [REI-ReloadPlugins/DEBUG] [END] Reloading Section: "reloadable-plugin/me.shedaniel.rei.plugin.client.runtime.PluginStageExecutionWatcher$1/DefaultPlugin [roughlyenoughitems]/"
[11:41:22] [REI-ReloadPlugins/DEBUG] [END] Reloading Section: "reloadable-plugin/me.shedaniel.rei.plugin.client.runtime.PluginStageExecutionWatcher$1/DefaultPlugin [roughlyenoughitems]/" done in 6.200 μs
[11:41:22] [REI-ReloadPlugins/DEBUG] [END] Reloading Section: "reloadable-plugin/me.shedaniel.rei.plugin.client.runtime.PluginStageExecutionWatcher$1/FabricFluidAPISupportPlugin/"
[11:41:22] [REI-ReloadPlugins/DEBUG] [END] Reloading Section: "reloadable-plugin/me.shedaniel.rei.plugin.client.runtime.PluginStageExecutionWatcher$1/FabricFluidAPISupportPlugin/" done in 4.600 μs
[11:41:22] [REI-ReloadPlugins/DEBUG] [END] Reloading Section: "reloadable-plugin/me.shedaniel.rei.plugin.client.runtime.PluginStageExecutionWatcher$1/DefaultRuntimePlugin [roughlyenoughitems]/"
[11:41:22] [REI-ReloadPlugins/DEBUG] [END] Reloading Section: "reloadable-plugin/me.shedaniel.rei.plugin.client.runtime.PluginStageExecutionWatcher$1/DefaultRuntimePlugin [roughlyenoughitems]/" done in 5.000 μs
[11:41:22] [REI-ReloadPlugins/DEBUG] [END] Reloading Section: "reloadable-plugin/me.shedaniel.rei.plugin.client.runtime.PluginStageExecutionWatcher$1/" done in 279.9 μs
[11:41:22] [REI-ReloadPlugins/DEBUG] [END] Reloading Section: "end-reload/"
[11:41:22] [REI-ReloadPlugins/DEBUG] [END] Reloading Section: "end-reload/MenuInfoRegistryImpl/"
[11:41:22] [REI-ReloadPlugins/DEBUG] [END] Reloading Section: "end-reload/MenuInfoRegistryImpl/" done in 791.6 μs
[11:41:22] [REI-ReloadPlugins/DEBUG] [END] Reloading Section: "end-reload/me.shedaniel.rei.plugin.client.runtime.PluginStageExecutionWatcher$1/"
[11:41:22] [REI-ReloadPlugins/DEBUG] [END] Reloading Section: "end-reload/me.shedaniel.rei.plugin.client.runtime.PluginStageExecutionWatcher$1/" done in 884.1 μs
[11:41:22] [REI-ReloadPlugins/DEBUG] [END] Reloading Section: "end-reload/" done in 74.61 ms
[11:41:22] [REI-ReloadPlugins/INFO] Reloaded Plugin Manager [REIServerPlugin] with 4 menu infos in 84ms.
[11:41:22] [REI-ReloadPlugins/DEBUG] [END] Reloading Section: "post-register/"
[11:41:22] [REI-ReloadPlugins/DEBUG] [END] Reloading Section: "post-register/DefaultClientPlugin [roughlyenoughitems]/"
[11:41:22] [REI-ReloadPlugins/DEBUG] [END] Reloading Section: "post-register/DefaultClientPlugin [roughlyenoughitems]/" done in 21.80 μs
[11:41:22] [REI-ReloadPlugins/DEBUG] [END] Reloading Section: "post-register/DefaultPlugin [roughlyenoughitems]/"
[11:41:22] [REI-ReloadPlugins/DEBUG] [END] Reloading Section: "post-register/DefaultPlugin [roughlyenoughitems]/" done in 10.80 μs
[11:41:22] [REI-ReloadPlugins/DEBUG] [END] Reloading Section: "post-register/FabricFluidAPISupportPlugin/"
[11:41:22] [REI-ReloadPlugins/DEBUG] [END] Reloading Section: "post-register/FabricFluidAPISupportPlugin/" done in 29.00 μs
[11:41:22] [REI-ReloadPlugins/DEBUG] [END] Reloading Section: "post-register/DefaultClientRuntimePlugin [roughlyenoughitems]/"
[11:41:22] [REI-ReloadPlugins/DEBUG] [END] Reloading Section: "post-register/DefaultClientRuntimePlugin [roughlyenoughitems]/" done in 5.700 μs
[11:41:22] [REI-ReloadPlugins/DEBUG] [END] Reloading Section: "post-register/DefaultRuntimePlugin [roughlyenoughitems]/"
[11:41:22] [REI-ReloadPlugins/DEBUG] [END] Reloading Section: "post-register/DefaultRuntimePlugin [roughlyenoughitems]/" done in 5.800 μs
[11:41:22] [REI-ReloadPlugins/DEBUG] [END] Reloading Section: "post-register/" done in 686.4 μs
[11:41:22] [REI-ReloadPlugins/DEBUG] [END] Reloading Section: "post-register/"
[11:41:22] [REI-ReloadPlugins/DEBUG] [END] Reloading Section: "post-register/DefaultClientPlugin [roughlyenoughitems]/"
[11:41:22] [REI-ReloadPlugins/DEBUG] [END] Reloading Section: "post-register/DefaultClientPlugin [roughlyenoughitems]/" done in 6.300 μs
[11:41:22] [REI-ReloadPlugins/DEBUG] [END] Reloading Section: "post-register/DefaultClientRuntimePlugin [roughlyenoughitems]/"
[11:41:22] [REI-ReloadPlugins/DEBUG] [END] Reloading Section: "post-register/DefaultClientRuntimePlugin [roughlyenoughitems]/" done in 5.300 μs
[11:41:22] [REI-ReloadPlugins/DEBUG] [END] Reloading Section: "post-register/" done in 192.4 μs
[11:41:22] [REI-ReloadPlugins/DEBUG] [END] Reloading Section: "post-register/"
[11:41:22] [REI-ReloadPlugins/DEBUG] [END] Reloading Section: "post-register/DefaultPlugin [roughlyenoughitems]/"
[11:41:22] [REI-ReloadPlugins/DEBUG] [END] Reloading Section: "post-register/DefaultPlugin [roughlyenoughitems]/" done in 6.400 μs
[11:41:22] [REI-ReloadPlugins/DEBUG] [END] Reloading Section: "post-register/FabricFluidAPISupportPlugin/"
[11:41:22] [REI-ReloadPlugins/DEBUG] [END] Reloading Section: "post-register/FabricFluidAPISupportPlugin/" done in 6.000 μs
[11:41:22] [REI-ReloadPlugins/DEBUG] [END] Reloading Section: "post-register/DefaultRuntimePlugin [roughlyenoughitems]/"
[11:41:22] [REI-ReloadPlugins/DEBUG] [END] Reloading Section: "post-register/DefaultRuntimePlugin [roughlyenoughitems]/" done in 5.100 μs
[11:41:22] [REI-ReloadPlugins/DEBUG] [END] Reloading Section: "post-register/" done in 285.1 μs
